Case #1: IMPOSSIBLE
Case #2: POSSIBLE
#.##
#||#
####
Case #3: POSSIBLE
-.
#|
Case #4: POSSIBLE
.-.
|//
.|.
#\/
Case #5: IMPOSSIBLE
Case #6: IMPOSSIBLE
Case #7: IMPOSSIBLE
Case #8: POSSIBLE
#..-..#.|..#|..
.../...........
...\.|..#.|....
...-.../..#|...
|..#...-....#.|
..|....#|./.#|.
....\.....-....
#.\./#..\.\#-.\
#......-.../#.\
.|/.../#....|..
...|///|.......
..\..-#..|.....
..|#-....#....|
|.#-...#.|.....
\.\...-\|.#|.\#
Case #9: POSSIBLE
||#.-
Case #10: IMPOSSIBLE
Case #11: POSSIBLE
.-
-#
##
-#
Case #12: IMPOSSIBLE
Case #13: IMPOSSIBLE
Case #14: IMPOSSIBLE
Case #15: IMPOSSIBLE
Case #16: IMPOSSIBLE
Case #17: IMPOSSIBLE
Case #18: IMPOSSIBLE
Case #19: IMPOSSIBLE
Case #20: POSSIBLE
#|\
-..
\.#
Case #21: IMPOSSIBLE
Case #22: IMPOSSIBLE
Case #23: IMPOSSIBLE
Case #24: IMPOSSIBLE
Case #25: POSSIBLE
-.
\|
Case #26: IMPOSSIBLE
Case #27: POSSIBLE
##-.#-.#.-#-.#..-##..-##-..#.-##..-##-.##-...#..-.
......-#....-#...-#-...#....-.#..-...........#...-
.|#-..#-...#.-#...-#..-.#.-..#.-.##-.#.-.#-.#..-##
|..#-....#.-#..-#...-#.-..#..-..#-....#.-.#.-.#.-.
..|###-.##-.#.-##..-###.-####.-##.-#-.##.-##.-##.-
Case #28: IMPOSSIBLE
Case #29: IMPOSSIBLE
Case #30: POSSIBLE
....-.#..|...#.....-
-.....#.|....#....-.
..-...#....|.#...-..
...-..#...|..#..-...
.-....#.....|#-.....
.....-#|.....#.-....
####################
...-..#....-.#.|....
.-....#.-....#.....|
....-.#-.....#..|...
..-...#..-...#|.....
-.....#...-..#...|..
.....-#.....-#....|.
####################
...-..#|.....#...|..
-.....#.....|#|.....
....-.#....|.#.....|
.-....#.|....#..|...
..-...#..|...#....|.
.....-#...|..#.|....
Case #31: IMPOSSIBLE
Case #32: IMPOSSIBLE
Case #33: IMPOSSIBLE
Case #34: IMPOSSIBLE
Case #35: IMPOSSIBLE
Case #36: IMPOSSIBLE
Case #37: IMPOSSIBLE
Case #38: IMPOSSIBLE
Case #39: IMPOSSIBLE
Case #40: IMPOSSIBLE
Case #41: IMPOSSIBLE
Case #42: IMPOSSIBLE
Case #43: POSSIBLE
#.-#-.#-.##.-.#-..#.-#.-#.-#.|#.|##-..#.-##-.##-..
-..#......-...#....-.#............-...#-..#.-.#..-
...-#-..#-.##-.#..-##-.#.-#.|#.|#-.##.-#..-#.-.#-.
.-#...-#...-.#-..#..-.#-.#|.#.|#...-.#...-........
###.-###-.#.-#.-###-..#.-#.|#|.#-.#.-#.-##.-##.-##
Case #44: POSSIBLE
..|..............
..............|..
....|............
.......|.........
.............|...
.........|.......
...............|.
|................
...|.............
........|........
................|
.|...............
......|..........
............|....
...........|.....
.....|...........
..........|......
#####\...........
Case #45: POSSIBLE
|
.
Case #46: POSSIBLE
-#
-.
Case #47: IMPOSSIBLE
Case #48: IMPOSSIBLE
Case #49: POSSIBLE
-.##-.##..-#-...##.|#.|#-...##-.#-.#.|#.-#####-.##
.-.#..-#-..#...-.#|.#|.#..-..#...........-.#...-##
##-.#-..#..-#.-#-....#.-#-.#.-#.-.#.|#.-#...-.##-.
...-......#..-#-..#.-.....#.-....#|.#-.#.......-..
-.#.-##-.##.-##..-##.-#.-##...-###.|#.-#-.#-.#-...
Case #50: IMPOSSIBLE
Case #51: POSSIBLE
/|.
\.|
Case #52: IMPOSSIBLE
Case #53: IMPOSSIBLE
Case #54: IMPOSSIBLE
Case #55: IMPOSSIBLE
Case #56: IMPOSSIBLE
Case #57: POSSIBLE
.-/..-.###....-
...\..-..../-..
./../##..../#./
|/..#.......-..
...........-.\-
\..../.-...#//.
...........-..#
....-.........#
.|..##........-
...|#...-......
|.#.-\-#..-...#
..\.\\#\/..#.|#
#...-./..-#...-
#.\....-\..-...
#.-..\.#..-....
Case #58: IMPOSSIBLE
Case #59: POSSIBLE
.|.#.-.#|..#|..#.|.##..-
..|#..-#..|#..|#|..##.-.
|..#-..#.|.#.|.#..|##-..
########################
#####....-..#.....-.#-..
#####.....-.#-......#..-
#####......-#....-..#.-.
#####.-.....#..-....####
#####..-....#...-...#-..
#####...-...#......-#..-
#####-......#.-.....#.-.
########################
#....|..#-......#.....-.
#......|#......-#......-
#...|...#.-.....#...-...
#..|....#....-..#..-....
#|......#..-....#....-..
#.|.....#.....-.#-......
#.....|.#...-...#.-.....
Case #60: IMPOSSIBLE
Case #61: POSSIBLE
#|.#.-\#-\..-..
\.|#...../-....
-.#/.#......\..
....-.....#.|..
/#.\...-....../
.....-...#-.#|.
-\.-.##..-#|...
/.....-....#\/.
#....-.##/\|#\|
#..\#...-#-./..
.........-....#
..|\.......\...
|..#...-....\-.
....-....../...
../-......./..-
Case #62: IMPOSSIBLE
Case #63: IMPOSSIBLE
Case #64: IMPOSSIBLE
Case #65: IMPOSSIBLE
Case #66: POSSIBLE
..........................................\######
...........|.....................................
..........|......................................
..|..............................................
.....................................|...........
....................|............................
..................................|..............
.................|...............................
.......|.........................................
..............|..................................
..........................|......................
...........................................|.....
...............................|.................
...............|.................................
....................................|............
...............................................|.
.......................................|.........
............|....................................
...................................|.............
..................|..............................
...|.............................................
.............|...................................
.....|...........................................
......................|..........................
....|............................................
..............................................|..
...................|.............................
................|................................
........|........................................
................................................|
..............................|..................
.|...............................................
............................|....................
.......................|.........................
.............................|...................
............................................|....
.............................................|...
...........................|.....................
......................................|..........
........................................|........
.................................|...............
.....................|...........................
.........................................|.......
................................|................
|................................................
..........................................|......
........................|........................
......|..........................................
.........................|.......................
.........|.......................................
Case #67: IMPOSSIBLE
Case #68: POSSIBLE
-..##-.##-.#.-###.-#.-#..-#.-#-.##.-#.-#.-#.|#.|##
..-#.......-..#........-..#-.#.-#....-....#|.#|...
.-#.-#-..#-..#-..#.-##..-#-.#-.#.-#.-##.-#-.#-.#.|
...-..#-..#.-.....#...-#.......-...#...-......#|..
##...-##.-###-.#-.##.-###-.#-.#.-..##.-##-.#-.#.|#
Case #69: POSSIBLE
...-..............................................
..........................................-.......
..-...............................................
.......-..........................................
...........................-......................
........................................-.........
............-.....................................
...................................-..............
............................................-.....
...................-..............................
..............................................-...
..........................-.......................
....-.............................................
.....................-............................
...............................-..................
.........................-........................
...............................................-..
......................................-...........
.....................................-............
..............................-...................
.................-................................
.................................................-
....................-.............................
......-...........................................
................-.................................
..............-...................................
.................................-................
...........................................-......
-.................................................
....................................-.............
..................................-...............
.-................................................
...........-......................................
.........-........................................
..........-.......................................
........................-.........................
......................-...........................
.............-....................................
.............................-....................
.........................................-........
.......................................-..........
................................................-.
.....-............................................
........-.........................................
............................-.....................
..................-...............................
.............................................-....
...............-..................................
.......................-..........................
................................-.................
Case #70: POSSIBLE
.............-....
.......-..........
...........-......
..-...............
-.................
...-..............
....-.............
..........-.......
......-...........
...............-..
............-.....
.....-............
.-................
................-.
........-.........
..............-...
.........-......./
Case #71: IMPOSSIBLE
Case #72: IMPOSSIBLE
Case #73: IMPOSSIBLE
Case #74: IMPOSSIBLE
Case #75: POSSIBLE
..-##.-#.-##..-#..-##|.#-.#-...#.-#|.##..-#.-.##-.
-...#...-..#.-.#....-..........#-.#.|#.-..#..-#..-
....-##-.#-...#.-##-.#|.#|.#-.#-.#-.#.-..#-..#.-##
.-#..-..#..-#..-#-....#.|#|.#-.........#-..#..-...
####..-##-..##-.#.-#.-#|.#.|##-.#-.#.-###-.##-.#.-
Case #76: IMPOSSIBLE
Case #77: IMPOSSIBLE
Case #78: IMPOSSIBLE
Case #79: POSSIBLE
|#
\.
Case #80: POSSIBLE
\.|..
.|\..
|.#.|
...|.
..|.#
Case #81: POSSIBLE
-\/\/\/\/\/\/\/\/\/\/\/\/\/\/\/\/\/\/\/\/\/\/\/\/\
//////////////////////////////////////////////////
\\\\\\\\\\\\\\\\\\\\\\\\\\\\\\\\\\\\\\\\\\\\\\\\\\
//////////////////////////////////////////////////
\\\\\\\\\\\\\\\\\\\\\\\\\\\\\\\\\\\\\\\\\\\\\\\\\\
//////////////////////////////////////////////////
\\\\\\\\\\\\\\\\\\\\\\\\\\\\\\\\\\\\\\\\\\\\\\\\\\
//////////////////////////////////////////////////
\\\\\\\\\\\\\\\\\\\\\\\\\\\\\\\\\\\\\\\\\\\\\\\\\\
//////////////////////////////////////////////////
\\\\\\\\\\\\\\\\\\\\\\\\\\\\\\\\\\\\\\\\\\\\\\\\\\
//////////////////////////////////////////////////
\\\\\\\\\\\\\\\\\\\\\\\\\\\\\\\\\\\\\\\\\\\\\\\\\\
//////////////////////////////////////////////////
\\\\\\\\\\\\\\\\\\\\\\\\\\\\\\\\\\\\\\\\\\\\\\\\\\
//////////////////////////////////////////////////
/\\\\\\\\\\\\\\\/\\\\\\\\\\\\\\\\\\\\\\\\\\\\\\\\\
//////////////////////////////////////////////////
\\\\\\\\\\\\\\\\\\\\\\\\\\\\\\\\\\\\\\\\\\\\\\\\\\
//////////////////////////////////////////////////
\\\\\\\\\\\\\\\\\\\\\\\\\\\\\\\\\\\\\\\\\\\\\\\\\\
//////////////////////////////////////////////////
\\\\\\\\\\\\\\\\\\\\\\\\\\\\\\\\\\\\\\\\\\\\\\\\\\
//////////////////////////////////////////////////
\\\\\\\\\\\\\\\\\\\\\\\\.\\\\\\\\\\\\\\\\\\\\\\\\\
//////////////////////////////////////////////////
\\\\\\\\\\\\\\\\\\\\\\\\\\\\\\\\\\\\\\\\\\\\\\\\\\
//////////////////////////////////////////////////
\\\\\\\\\\\\\\\\\\\\\\\\\\\\\\\\\\\\\\\\\\\\\\\\\\
//////////////////////////////////////////////////
\\\\\\\\\\\\\\\\\\\\\\\\\\\\\\\\\\\\\\\\\\\\\\\\\\
//////////////////////////////////////////////////
\\\\\\\\\\\\\\\\\\\\\\\\\\\\\\\\\\\\\\\\\\\\\\\\\\
//////////////////////////////////////////////////
\\\\\\\\\\\\\\\\\\\\\\\\\\\\\\\\\\\\\\\\\\\\\\\\\\
//////////////////////////////////////////////////
\\\\\\\\\\\\\\\\\\\\\\\\\\\\\\\\\\\\\\\\\\\\\\\\\\
//////////////////////////////////////////////////
\\\\\\\\\\\\\\\\\\\\\\\\\\\\\\\\\\\\\\\\\\\\\\\\\\
//////////////////////////////////////////////////
\\\\\\\\\\\\\\\\\\\\\\\\\\\\\\\\\\\\\\\\\\\\\\\\\\
//////////////////////////////////////////////////
\\\\\\\\\\\\\\\\\\\\\\\\\\\\\\\\\\\\\\\\\\\\\\\\\\
//////////////////////////////////////////////////
\\\\\\\\\\\\\\\\\\\\\\\\\\\\\\\\\\\\\\\\\\\\\\\\\\
//////////////////////////////////////////////////
\\\\\\\\\\\\\\\\\\\\\\\\\\\\\\\\\\\\\\\\\\\\\\\\\\
//////////////////////////////////////////////////
\\\\\\\\\\\\\\\\\\\\\\\\\\\\\\\\\\\\\\\\\\\\\\\\\\
/\/\/\/\/\/\/\/\/\/\/\/\/\/\/\/\/\/\/\/\/\/\/\/\/|
Case #82: IMPOSSIBLE
Case #83: IMPOSSIBLE
Case #84: IMPOSSIBLE
Case #85: IMPOSSIBLE
Case #86: IMPOSSIBLE
Case #87: POSSIBLE
\/\/\/\/\/\/\/\/\/\/\/\/\/\/\/\/\/\/\/\/\/\/\/\/\|
//////////////////////////////////////////////////
\\\\\\\\\\\\\\\\\\\\\\\\\\\\\\\\\\\\\\\\\\\\\\\\\\
//////////////////////////////////////////////////
\\\\\\\\\\\\\\\\\\\\\\\\\\\\\\\\\\\\\\\\\\\\\\\\\\
//////////////////////////////////////////////////
\\\\\\\\\\\\\\\\\\\\\\\\\\\\\\\\\\\\\\\\\\\\\\\\\\
//////////////////////////////////////////////////
\\\\\\\\\\\\\\\\\\\\\\\\\\\\\\\\\\\\\\\\\\\\\\\\\\
//////////////////////////////////////////////////
\\\\\\\\\\\\\\\\\\\\\\\\\\\\\\\\\\\\\\\\\\\\\\\\\\
//////////////////////////////////////////////////
\\\\\\\\\\\\\\\\\\\\\\\\\\\\\\\\\\\\\\\\\\\\\\\\\\
//////////////////////////////////////////////////
\\\\\\\\\\\\\\\\\\\\\\\\\\\\\\\\\\\\\\\\\\\\\\\\\\
//////////////////////////////////////////////////
\\\\\\\\\\\\\\\\\\\\\\\\\\\\\\\\\\\\\\\\\\\\\\\\\\
//////////////////////////////////////////////////
\\\\\\\\\\\\\\\\\\\\\\\\\\\\\\\\\\\\\\\\\\\\\\\\\\
//////////////////////////////////////////////////
\\\\\\\\\\\\\\\\\\\\\\\\\\\\\\\\\\\\\\\\\\\\\\\\\\
//////////////////////////////////////////////////
\\\\\\\\\\\\\\\\\\\\\\\\\\\\\\\\\\\\\\\\\\\\\\\\\\
//////////////////////////////////////////////////
\\\\\\\\\\\\\\\\\\\\\\\\\\\\\\\\\\\\\\\\\\\\\\\\\\
//////////////////////////////////////////////////
\\\\\\\\\\\\\\\\\\\\\\\\\\\\\\\\\\\\\\\\\\\\\\\\\\
//////////////////////////////////////////////////
\\\\\\\\\\\\\\\\\\\\\\\\\\\\\\\\\\\\\\\\\\\\\\\\\\
//////////////////////////////////////////////////
\\\\\\\\\\\\\\\\\\\\\\\\\\\\\\\\\\\\\\\\\\\\\\\\\\
//////////////////////////////////////////////////
\\\\\\\\\\\\\\\\\\\\\\\\\\\\\\\\\\\\\\\\\\\\\\\\\\
//////////////////////////////////////////////////
\\\\\\\\\\\\\\\\\\\\\\\\\\\\\\\\\\\\\\\\\\\\\\\\\\
//////////////////////////////////////////////////
\\\\\\\\\\\\\\\\\\\\\\\\\\\\\\\\\\\\\\\\\\\\\\\\\\
//////////////////////////////////////////////////
\\\\\\\\\\\\\\\\\\\\\\\\\\\\\\\\\\\\\\\\\\\\\\\\\\
//////////////////////////////////////////////////
\\\\\\\\\\\\\\\\\\\\\\\\\\\\\\\\\\\\\\\\\\\\\\\\\\
//////////////////////////////////////////////////
\\\\\\\\\\\\\\\\\\\\\\\\\\\\\\\\\\\\\\\\\\\\\\\\\\
//////////////////////////////////////////////////
\\\\\\\\\\\\\\\\\\\\\\\\\\\\\\\\\\\\\\\\\\\\\\\\\\
//////////////////////////////////////////////////
\\\\\\\\\\\\\\\\\\\\\\\\\\\\\\\\\\\\\\\\\\\\\\\\\\
//////////////////////////////////////////////////
\\\\\\\\\\\\\\\\\\\\\\\\\\\\\\\\\\\\\\\\\\\\\\\\\\
./\/\/\/\/\/\/\/\/\/\/\/\/\/\/\/\/\/\/\/\/\/\/\/\/
Case #88: IMPOSSIBLE
Case #89: IMPOSSIBLE
Case #90: IMPOSSIBLE
Case #91: IMPOSSIBLE
Case #92: IMPOSSIBLE
Case #93: IMPOSSIBLE
Case #94: POSSIBLE
|/
..
\/
Case #95: POSSIBLE
.\###############
...|.............
|................
........|........
...........|.....
................|
..........|......
.....|...........
.|...............
....|............
..............|..
.............|...
............|....
.......|.........
.........|.......
..|..............
......|..........
...............|.
Case #96: IMPOSSIBLE
Case #97: POSSIBLE
..|#.-
..\...
..-..\
|.#|..
.|/...
..-#|.
Case #98: IMPOSSIBLE
Case #99: IMPOSSIBLE
Case #100: IMPOSSIBLE
