Case #1: 1 1
Case #2: 2 0
Case #3: 2 0
Case #4: 2 1
Case #5: 2 1
Case #6: 111 3
Case #7: 9 0
Case #8: 500 0
Case #9: 333 0
Case #10: 500 1
Case #11: 6 67
Case #12: 111 0
Case #13: 12 53
Case #14: 500 0
Case #15: 9 52
Case #16: 6 52
Case #17: 10 52
Case #18: 31 48
Case #19: 500 0
Case #20: 333 0
Case #21: 500 1
Case #22: 333 0
Case #23: 16 1
Case #24: 7 1
Case #25: 5 1
Case #26: 1 0
Case #27: 12 1
Case #28: 333 1
Case #29: 333 0
Case #30: 500 0
Case #31: 143 857
Case #32: 6 1
Case #33: 5 0
Case #34: 20 0
Case #35: 333 1
Case #36: 333 1
Case #37: 30 47
Case #38: 8 52
Case #39: 9 51
Case #40: 7 0
Case #41: 499 0
Case #42: 333 0
Case #43: 31 54
Case #44: 4 61
Case #45: 333 0
Case #46: 333 0
Case #47: 333 1
Case #48: 1000 0
Case #49: 9 0
Case #50: 500 0
Case #51: 333 1
Case #52: 10 49
Case #53: 333 1
Case #54: 9 0
Case #55: 6 55
Case #56: 333 0
Case #57: 333 0
Case #58: 53 1
Case #59: 5 0
Case #60: 500 0
Case #61: 500 0
Case #62: 500 0
Case #63: 3 0
Case #64: 17 0
Case #65: 23 1
Case #66: 333 0
Case #67: 9 58
Case #68: 37 1
Case #69: 1000 0
Case #70: 333 1
Case #71: 500 0
Case #72: 111 2
Case #73: 111 0
Case #74: 26 1
Case #75: 33 42
Case #76: 48 52
Case #77: 35 0
Case #78: 333 0
Case #79: 500 0
Case #80: 1 999
Case #81: 98 0
Case #82: 41 1
Case #83: 1 1
Case #84: 9 1
Case #85: 508 492
Case #86: 13 47
Case #87: 123 0
Case #88: 21 1
Case #89: 500 0
Case #90: 100 63
Case #91: 500 0
Case #92: 333 0
Case #93: 111 1
Case #94: 500 1
Case #95: 500 0
Case #96: 111 1
Case #97: 333 0
Case #98: 499 0
Case #99: 500 0
Case #100: 500 0
