Case #1: 1 1
Case #2: 2 0
Case #3: 2 0
Case #4: 174 104
Case #5: 2 0
Case #6: 172 1
Case #7: 500 0
Case #8: 500 0
Case #9: 221 1
Case #10: 229 103
Case #11: 228 109
Case #12: 192 1
Case #13: 179 0
Case #14: 199 1
Case #15: 204 1
Case #16: 180 103
Case #17: 222 106
Case #18: 213 1
Case #19: 244 0
Case #20: 173 1
Case #21: 200 1
Case #22: 205 1
Case #23: 220 0
Case #24: 221 110
Case #25: 239 106
Case #26: 188 1
Case #27: 184 0
Case #28: 239 1
Case #29: 216 105
Case #30: 500 0
Case #31: 213 1
Case #32: 240 105
Case #33: 500 0
Case #34: 211 0
Case #35: 231 107
Case #36: 205 0
Case #37: 232 1
Case #38: 200 0
Case #39: 221 102
Case #40: 222 1
Case #41: 500 0
Case #42: 247 105
Case #43: 499 0
Case #44: 186 1
Case #45: 186 1
Case #46: 500 0
Case #47: 217 108
Case #48: 500 0
Case #49: 500 0
Case #50: 246 1
Case #51: 204 0
Case #52: 240 1
Case #53: 199 1
Case #54: 221 105
Case #55: 500 0
Case #56: 199 110
Case #57: 500 0
Case #58: 246 0
Case #59: 178 1
Case #60: 235 1
Case #61: 514 486
Case #62: 240 0
Case #63: 196 1
Case #64: 226 1
Case #65: 1 1
Case #66: 193 109
Case #67: 244 1
Case #68: 229 105
Case #69: 500 0
Case #70: 500 0
Case #71: 3 0
Case #72: 221 0
Case #73: 246 0
Case #74: 500 0
Case #75: 1000 0
Case #76: 500 0
Case #77: 215 106
Case #78: 223 0
Case #79: 175 106
Case #80: 180 105
Case #81: 228 1
Case #82: 215 0
Case #83: 217 0
Case #84: 222 107
Case #85: 223 1
Case #86: 174 106
Case #87: 210 107
Case #88: 186 108
Case #89: 204 1
Case #90: 500 0
Case #91: 1 0
Case #92: 198 104
Case #93: 215 100
Case #94: 248 0
Case #95: 502 498
Case #96: 184 103
Case #97: 195 1
Case #98: 510 0
Case #99: 193 102
Case #100: 239 107
