10 161 260 285 213 68 23 131 242 228 257
10 216 249 197 237 201 16 112 256 206 165
11 259 15 63 91 170 89 70 292 120 94 208
11 65 212 105 156 121 196 106 97 189 132 183
12 179 246 125 27 101 219 223 215 233 77 211 2
11 44 39 207 117 140 48 98 265 272 84 151
13 33 294 133 18 271 160 269 289 280 155 69 173 274
14 99 8 13 218 96 40 202 11 73 287 10 71 126 52
13 103 290 198 226 21 243 42 283 152 297 262 1 175
12 34 75 203 150 244 190 83 248 67 176 186 178
15 108 220 245 282 217 195 147 6 118 78 154 231 240 49 169
13 167 296 159 225 281 146 111 235 31 141 123 153 130
13 0 80 210 227 267 57 82 258 35 192 47 143 247
12 180 95 129 188 214 102 236 145 288 229 278 149
13 116 41 286 58 74 60 79 224 222 50 119 255 293
9 85 62 273 277 174 181 12 30 135
12 54 4 127 107 200 166 128 241 61 114 46 9
10 162 276 171 284 239 295 163 238 205 37
10 87 148 261 204 26 177 25 55 142 251
11 36 275 88 136 28 185 5 20 43 279 270
10 184 72 19 32 14 158 191 90 252 194
11 168 299 92 187 38 232 29 22 76 138 59
7 164 137 144 157 109 266 104
10 7 113 230 254 268 298 93 264 182 17
8 234 134 193 56 64 81 250 100
7 110 24 122 209 124 51 66
4 172 253 139 115
4 221 263 3 45
3 53 86 291
1 199
0
0
0
0
0
0
0
0
0
0
0
0
0
0
0
0
0
0
0
0
0
0
0
0
0
0
0
0
0
0
0
0
0
0
0
0
0
0
0
0
0
0
0
0
0
0
0
0
0
0
0
0
0
0
0
0
0
0
0
0
0
0
0
0
0
0
0
0
0
0
