17 212 294 276 218 44 232 214 202 209 114 138 238 51 71 126 208 149
20 168 110 259 137 285 129 91 282 121 27 22 269 70 16 250 142 251 1 77 175
19 275 88 161 227 56 200 245 32 217 158 109 48 119 265 228 272 84 169 2
19 34 75 95 225 261 21 29 239 207 73 101 205 115 280 120 229 189 211 130
17 41 148 260 107 213 230 28 185 191 140 235 291 242 252 186 135 274
18 87 103 133 273 63 224 244 111 23 76 131 45 292 176 262 123 9 183
18 85 80 210 290 125 166 174 122 11 6 10 112 12 30 97 178 52 165
18 184 134 13 15 38 113 284 254 89 190 81 199 31 55 43 233 173 132
18 296 72 286 136 150 156 188 128 146 295 61 42 5 255 152 231 46 49
18 249 299 62 105 79 96 40 68 117 237 147 90 124 264 104 279 270 278
16 108 4 203 58 144 57 39 102 271 160 93 201 196 141 256 293
17 164 162 92 171 226 277 172 50 258 283 139 266 145 17 47 143 151
18 99 8 246 220 193 187 267 281 241 82 243 25 98 223 59 297 69 247
13 159 18 19 53 204 26 170 83 20 155 100 194 153
10 7 127 74 222 268 298 287 289 240 257
10 24 263 64 236 197 118 248 106 154 37
9 60 14 86 177 181 182 66 206 94
6 198 157 163 219 192 215
5 253 195 35 78 288
2 3 67
0
0
0
0
0
0
0
0
0
0
0
0
0
0
0
0
0
0
0
0
0
0
0
0
0
0
0
0
0
0
0
0
0
0
0
0
0
0
0
0
0
0
0
0
0
0
0
0
0
0
2 0 116
1 180
1 216
1 167
1 54
0
0
0
0
0
0
0
0
0
0
0
0
0
0
0
0
0
0
0
0
0
0
0
0
0
