32 2735 1724 9087 47 2967 6119 3795 9068 3122 3623 895 5219 5188 7266 1499 6298 2632 7622 9598 9453 3803 5641 8794 8706 4102 5489 1540 5637 4700 8311 5037 8375
18 6689 3527 8715 9874 5668 3190 6584 6805 3622 2543 3421 7271 350 2931 2580 1320 6129 3491
21 3090 4475 5510 8410 6000 3701 660 1152 9539 9265 7453 9699 2446 2336 8205 8756 4284 4142 7281 4281 6650
28 1209 2313 8426 8157 5602 753 5375 6956 3434 4491 2048 3031 7384 9270 2504 214 5484 5186 363 2469 8202 4412 4367 9339 495 8606 1718 307
29 6466 5971 5500 6265 6856 330 2171 8038 2174 8691 2125 9718 2190 1308 2752 9748 7240 9590 3707 5726 1028 5203 1894 7154 9782 7783 20 6271 8910
22 5018 7186 7677 5285 9795 4356 7309 2397 402 8017 3436 678 1688 9379 4076 5882 96 4385 3303 4182 8364 2620
18 9313 8587 7224 6125 8419 8955 617 5622 2453 2477 4301 8891 9301 4691 955 4242 7968 391
19 4679 3119 6669 7080 6120 5495 3222 2762 1889 3406 5680 7747 9528 5812 4118 2376 675 710 3064
29 549 8189 6786 5507 4250 9949 4930 9948 7169 934 4969 1069 1799 9694 5768 8296 9103 1383 5357 7536 8318 7672 798 5813 2698 6853 8280 8535 5449
33 2519 1227 6455 3830 3114 9171 141 3770 969 2906 7592 6905 4642 2901 8988 10 6785 5565 6798 3628 5271 8357 2378 1167 3634 5126 7517 5407 296 7888 8411 1652 7375
26 5934 6656 8979 4863 3398 8035 2304 2115 1504 2315 575 3316 7757 6102 9083 9788 9173 9094 3175 8196 5207 1419 8866 6614 9569 7937
16 4525 5402 9691 9830 3966 8173 9833 872 5197 1526 9204 664 5749 9650 5760 2609
16 7109 8274 615 8614 5650 6512 8486 9073 7122 5141 6300 8913 3586 7404 1288 9545
30 88 6189 8892 1640 5240 9457 3117 3451 2415 6041 4453 4628 2765 2850 6612 7101 9250 9050 2728 1577 3183 3899 5867 8142 6209 6991 2502 7290 1425 406
26 2465 6529 7314 1518 4028 3433 9897 8782 9809 5123 2630 3163 2144 7099 9883 8387 7012 8305 2575 3277 1379 2886 8216 5549 1878 8612
25 4309 7088 4200 9633 6903 9180 7477 2075 6850 6391 5105 8291 1854 581 3312 8704 9875 2371 4570 2604 3238 4606 4542 1173 5547
27 5970 9733 8774 1223 4020 8194 8785 2640 3258 1930 576 2722 1396 3395 8697 2462 3152 5785 4081 3567 2101 4075 3702 8893 3535 8862 2816
24 719 5352 8747 3083 164 4871 7633 5764 582 388 7966 738 2443 4333 3917 2197 4674 8409 1329 5956 5542 5961 392 1304
27 5324 7293 3773 565 7662 2984 7411 454 4074 774 744 5670 6802 3387 3081 2258 9488 2555 2493 2334 2961 4116 4909 9781 6944 573 9677
19 6031 211 2927 9248 550 2444 8903 9930 5379 2674 503 4436 2266 5842 2133 3858 4972 3185 6492
16 4839 6662 6004 1527 2212 3809 2721 3000 4971 1611 8441 4968 7985 3255 7625 8898
17 606 4536 3067 8434 7690 8530 4767 9192 4128 4279 2340 4804 8763 1918 6385 9621 9530
15 423 2589 5698 3462 856 2360 2866 6184 7218 1969 2170 4458 4614 82 5173
28 187 394 2523 3512 9042 9065 9972 4636 9624 5356 1639 5268 6883 6975 5675 8512 4439 5905 1975 6508 2136 1085 2953 9439 762 7476 9690 5672
17 1066 1883 6875 326 9951 3789 9678 1311 189 5394 7809 4337 869 7302 5900 7472 1293
26 5335 5027 9495 7255 7323 9751 1346 8300 7715 4031 9623 2191 134 6556 4235 1533 7292 3822 8781 3037 3653 1798 988 31 2007 165
8 8175 8227 3536 5687 3504 8762 9970 5149
30 1560 7849 3976 7465 3972 6538 2585 1189 1211 8075 6179 365 7749 319 9001 1720 2325 1307 1154 2451 4529 4004 8651 1280 5949 1462 7052 2389 1418 962
29 3580 2296 6304 1233 846 9419 1232 6407 7693 2948 8312 7381 7793 37 1402 9205 1057 686 7560 2517 7067 9841 9580 743 1478 8278 7042 3218 9673
30 4758 8630 4112 7446 3566 9527 1676 4532 3974 833 8004 5537 1310 2837 9079 1690 6234 3385 5505 5195 1574 6351 1354 7833 5150 9891 5718 1185 8100 9854
30 3817 9820 8203 4299 3058 354 7276 5713 7555 2972 8987 6806 6839 9023 5486 9697 6604 9899 1405 9342 5677 6846 9257 9986 7954 5798 9971 58 6631 1055
25 6252 984 8915 4274 1239 9513 9397 5520 6620 7543 3577 3913 9892 9047 5084 1231 1506 3571 9936 401 2862 9558 3994 8423 8480
19 1273 9046 8548 4875 483 2041 5656 9923 8378 9019 1274 6854 4573 8139 9648 1137 5265 5127 7058
19 1867 3049 1778 7483 3404 2414 1136 8673 1818 9848 4864 7721 145 8765 7617 1772 4580 8019 431
19 7499 5858 9306 6711 8219 2180 7665 3904 1412 1299 9934 918 3221 9547 4360 2350 4975 9315 7621
20 7965 7064 892 655 1386 7438 1023 1623 6443 4110 3485 2946 3356 9076 1172 7814 9955 3929 906 2746
29 6822 3333 4255 3717 9511 422 5291 8176 1257 826 8444 6641 2089 7148 4777 3999 2431 5827 5463 9533 486 9895 197 6981 4490 7953 265 224 5723
17 2432 8965 6910 7529 9911 4582 94 1388 7918 673 2849 5774 9540 418 9726 2819 4983
25 1178 1949 3565 1693 146 5724 2921 843 6885 7301 5041 4747 1964 3700 9017 7294 4210 4191 631 1813 8162 6534 3662 2786 8921
29 7070 7711 9666 498 4396 1106 7162 9177 4227 3133 5684 2910 3135 7046 4906 3980 7326 2871 6823 9162 3243 1764 1174 5972 2569 9413 4563 4886 4181
18 8890 5284 3242 1618 6555 5633 3517 1974 2283 5580 5767 1514 221 7202 7758 1191 4158 452
15 3055 1194 5282 2112 6703 6399 629 7513 8843 1960 4343 4899 8544 4000 7206
20 8773 9579 4898 6469 3351 8592 8944 2965 1171 4459 255 2038 3957 8455 8275 6723 6148 1951 3727 3934
11 4742 19 6155 6842 5757 6034 5241 1511 659 4528 3207
23 6002 3409 513 553 9082 7488 1967 5464 4440 5026 5502 2947 103 6578 1572 5330 8570 9997 8043 9668 5318 4286 7641
24 8292 7455 9267 1200 3885 7873 6359 6243 2852 8074 742 8813 4280 9295 4294 7295 8165 5806 3983 2679 8232 1903 925 8433
11 672 7810 5480 362 8276 1452 2683 9198 2148 4203 9304
13 7475 3294 873 6319 6855 3659 2778 6714 3801 6830 891 2707 218
30 8477 5227 2915 7086 665 4615 704 6026 5374 5298 508 5550 959 3753 6926 1420 7999 6696 8705 5122 1413 9098 7688 7050 36 9775 8877 2730 2905 9909
26 5235 8557 5466 533 2235 6402 7191 1169 1098 1433 3752 5097 1622 9490 4336 1656 3815 6528 7835 6725 6323 7820 6019 5753 8463 247
28 6277 7028 4233 5090 9071 5344 5426 2388 5021 4209 2498 78 5278 4382 4765 801 8041 5355 4831 5165 3730 6487 1149 8251 2145 4911 1483 2172
19 2720 6912 5008 9981 3663 8546 5864 5419 8050 2226 2860 7056 3235 6796 7603 9797 6976 7742 6127
20 9409 5218 2742 1260 2825 633 1256 3165 9566 3798 2025 3845 929 7510 8432 1828 9835 5793 359 8596
30 3629 8029 6068 6338 4613 7246 7548 1182 1081 7971 4907 8450 133 4625 5166 7819 433 9074 972 7047 7030 5496 3728 8931 1927 7844 532 4778 6573 1115
26 2920 9166 3891 6473 266 2178 3970 1864 6248 2246 6181 6363 3977 2205 7781 3374 2678 184 5028 4422 6535 9197 5928 8636 8934 9999
29 519 7687 2335 3066 3594 5069 1349 2797 8585 2164 7145 6389 7501 7914 3796 6436 5722 6061 1770 8886 3889 6136 1362 7983 5232 6514 6080 4186 4129
28 4094 3918 4084 854 1913 1474 4371 8101 2809 8182 3077 9908 9571 1668 361 4442 9946 7550 785 7615 2030 5980 8095 3971 3172 796 7146 1378
35 3607 8489 874 435 5779 4914 9546 2044 9655 7037 9441 7872 2137 2154 5904 9470 6137 7982 7299 4370 9531 3706 6040 5338 8417 9931 4161 1585 855 5524 7756 1691 1887 1809 8499
9 563 3430 7684 1706 3015 4752 2697 1035 1375
19 1097 1414 1030 6409 6340 8191 1143 8478 42 2749 9491 7767 7904 8607 6084 336 2449 8012 6889
29 677 3245 6164 7580 1873 5428 4021 7171 7445 8407 3394 9667 6437 5519 3340 4992 4368 9142 887 4950 9760 5151 6421 9608 2550 845 7751 7390 6439
22 5497 7140 5710 7174 4854 7816 8645 979 7305 8743 8767 2159 9335 7750 1941 3967 3342 6370 7244 5947 5488 9723
19 9752 6654 6239 718 1755 8529 6597 379 1004 8007 9706 7462 8539 9821 9233 7549 6215 1498 492
32 6670 3249 4635 8338 8772 9497 5695 7315 3981 6902 4866 1264 7866 5092 8343 4038 104 6608 3650 7675 6383 5823 650 3486 3995 7981 9217 9129 3923 7818 2277 9601
16 1757 2603 4467 6066 3213 7474 261 8669 235 4892 1650 803 2092 8456 3234 6610
30 5440 1113 3572 6128 6742 4481 767 2556 9027 5323 1638 3963 4096 6488 7949 6171 283 9651 3389 9337 5863 9423 3171 8639 1219 9147 5950 2625 9736 5293
21 9514 5615 9556 2973 6984 233 8108 7076 1338 4912 2542 3359 3771 5053 4146 5142 1426 251 5467 7035 8943
36 2571 8783 8447 7666 3680 2551 9134 6784 5603 9370 7334 249 6908 6655 8855 7098 9111 6030 3446 4389 2668 4527 9096 7786 919 5617 4226 2598 4976 6881 7772 5854 3665 9703 4918 8163
19 6381 658 4935 9926 9557 3879 4709 9044 4361 4678 3415 7001 9876 2623 3107 1226 3664 3378 8847
14 7957 3546 2230 9628 6425 9100 3784 7456 9440 5567 4159 4293 8064 6544
23 2015 2031 2167 4990 3740 5913 8981 2192 5608 8067 4106 6974 5763 8844 5217 5365 5461 4577 1404 1731 9184 7242 685
20 9003 7864 661 7792 1655 7884 2751 8992 2186 8972 4168 6675 2872 5625 226 2013 2211 8726 707 3259
29 3549 6485 1674 1206 2330 1203 5559 2501 2715 8438 1068 339 217 8531 6219 5612 7541 4169 9008 479 2785 1658 1683 3126 8044 994 8089 4338 3950
15 4601 9090 3024 7867 830 1557 9273 8719 628 6732 9597 1877 54 8684 2448
20 7657 3147 8493 9132 7883 3609 9687 9894 5140 2367 5984 1814 7623 8215 2050 4998 5202 6158 5501 9476
29 8708 8024 7428 4207 8093 1496 1331 4400 1859 1710 3314 6345 2052 8661 1551 3045 6282 1432 5039 5993 4151 5346 8046 7345 2747 7951 3522 3464 4292
7 9913 5954 5562 7630 3521 6629 1855
28 9847 567 5890 135 9524 832 8876 7941 7576 8798 8830 4358 7502 4578 2433 7800 3391 6671 6339 6768 4548 3837 534 6781 1287 2098 5474 2269
18 2883 8932 5517 2783 4520 5597 6079 8141 727 367 5206 9755 1847 5432 8467 9396 6417 7168
24 5445 3005 9412 1326 5627 1046 9647 1110 7697 7361 1470 9987 9968 6447 1387 5259 1394 8881 1610 5877 6934 4380 4702 1284
6 1776 6502 1588 9927 4476 6311
14 4078 3257 7804 6154 5789 1762 6065 5098 7395 9203 2196 9661 1898 6477
10 9976 8458 6168 1399 6349 3902 1708 9878 5788 3264
29 8310 1512 3865 9045 3666 7092 5766 6422 1062 1942 7843 5302 4675 6451 7599 594 9293 1648 198 1915 1126 7828 637 3670 6978 4641 5230 6919 9829
24 4008 8149 2642 6718 5477 4585 6089 3524 2969 6566 3454 5314 9110 5313 512 9431 5117 6286 8584 9893 4427 8577 6107 1190
17 6263 6745 208 4101 4123 3315 1660 8617 9884 4832 5072 9902 1926 2834 7815 9245 8253
24 1305 1384 6951 4048 3750 3124 7532 81 5786 2841 2894 9366 207 2189 3189 5595 5010 7878 6990 7185 944 7349 3043 4120
18 6815 1838 5189 9815 6498 7232 1352 775 7679 137 9784 6116 9239 8233 6281 9856 8056 9520
23 3307 1323 7768 4686 6188 3896 9526 4667 9607 4384 7090 6552 2582 7578 7858 7774 1216 9099 289 3265 144 70 4348
24 303 1637 2074 4666 8464 5366 2128 4347 7316 8693 1861 9943 3908 9400 6328 4362 324 9340 9115 4462 4315 2593 7182 4841
28 8878 502 5006 6550 2207 1263 7811 4163 8644 6218 9659 1424 9322 8749 4902 7397 6704 9211 9653 625 2562 4222 3882 1303 4759 4273 3903 8870
18 7013 7940 6352 8136 3756 4730 5851 7105 4572 8657 1728 6700 9446 8735 2200 5485 322 8054
11 6663 190 3291 3181 4533 151 6923 2560 6801 7031 2939
20 4071 7612 448 9871 4980 5371 6980 2484 936 3034 4132 2704 4444 3612 6482 4883 8622 7257 6288 9417
30 1335 1170 6053 7102 8681 3054 9710 9561 4355 6865 2366 1907 5556 9917 7782 8048 1654 2911 3306 2588 5822 2616 9568 2865 4996 5110 6368 7268 5629 7173
24 2917 8736 2975 3200 4376 6652 5050 5579 9133 9912 1429 8746 3127 4499 3854 2804 3907 4711 467 7865 1065 1317 668 5071
14 8731 3540 3461 4011 9798 4755 7396 6231 8221 6761 8716 3679 6191 2410
23 1138 5727 4194 6012 5054 992 2732 64 9357 636 2272 1428 5004 3447 946 814 8498 2932 3363 8752 2925 3033 3367
27 9619 3236 3334 8868 4938 6886 1181 9952 5310 5700 6898 1448 614 7860 3078 5301 450 9416 3805 2155 6945 6616 2629 9791 1056 630 5370
11 5300 7948 712 6464 5095 7402 3819 9759 4474 914 1704
17 1315 2297 9392 8027 2319 293 1316 8875 3769 7775 8114 1129 4896 7165 8238 4506 1088
28 3696 9109 1634 267 2831 5267 2766 5353 4398 3593 171 1597 9163 9863 6315 7371 7545 2149 5832 1719 2027 2096 349 3681 143 6032 1575 2880
29 9707 7435 1697 4830 4029 3818 127 2675 7564 8956 5933 3710 9420 1741 5391 9384 8958 2242 6309 4131 974 4556 5521 4193 3836 9123 5361 4041 8279
29 7429 1492 6200 5626 1792 823 9737 5260 1466 3754 4566 680 9148 3474 2789 2712 7330 2381 6899 1092 236 3581 1484 7834 5022 2843 7831 6840 5775
32 7861 9649 3601 5699 1272 4024 907 2386 2924 9272 2867 5534 4221 5909 694 7944 4564 5747 9056 2687 7 5989 3716 3600 5075 8295 6941 7175 5685 2839 2610 8740
15 5192 666 7534 2790 6925 2882 5619 8446 5320 7898 2991 6867 7832 2003 5979
32 4059 3311 9274 2440 6503 5187 708 2355 462 8945 9859 6114 7205 5804 8917 9153 528 2699 63 5795 8775 9662 604 123 5215 259 623 7938 2221 9281 3880 795
19 5299 2233 200 199 7380 7847 5170 178 4328 9268 2179 2040 6519 7566 6730 9658 4468 8383 4471
17 6783 6404 3779 2717 2110 9303 5692 5143 5651 970 5350 3136 5638 7639 9059 1214 1545
29 7463 1773 6741 4153 3783 4652 85 3326 6374 3146 7415 8799 6201 194 8960 8246 2633 5852 2222 9053 5509 7181 6599 8790 3529 1377 298 3012 9711
31 3167 3276 277 1830 1963 5601 8167 5803 3675 4247 2893 5040 3267 4690 3016 2344 3397 9193 309 3467 1916 8256 8754 9606 9154 1983 8363 5857 7204 8594 5665
25 769 9402 4624 2216 1601 2981 5679 6378 5583 1045 6772 9298 8169 4754 7853 1321 5000 8180 5750 9010 5834 7437 8371 5408 3643
18 2384 9231 2654 8051 4454 6267 6773 1782 1291 2195 5707 2806 6993 5588 8098 7283 9334 2185
28 9563 8302 8370 6942 9512 6638 7912 403 8694 584 2796 5073 7650 4135 9867 5645 8977 6371 6525 6448 6099 593 1581 3853 1928 8260 2597 8980
19 9305 7993 7355 3292 5532 4092 8857 4073 5153 953 2459 2647 6302 9290 9656 8648 2032 7702 5412
33 2247 8290 8786 4807 9464 376 4344 4756 4819 1431 6386 8261 8814 4688 9043 1501 7802 7974 2584 1450 8360 426 5104 642 3240 1440 1848 5773 3014 778 3069 9058 5434
17 4377 8711 867 5045 8494 8800 8097 3905 7016 4486 6130 8997 1131 5492 5772 5144 5573
29 6412 7114 6206 975 7193 6814 292 1422 2885 4800 5256 8326 8492 8218 8077 3437 9081 8418 3960 6653 1091 6496 341 525 4904 2113 8374 6467 8789
29 5860 3197 2511 8536 6771 100 8273 3364 7769 4113 4211 1461 2383 2452 2694 1266 3973 242 6628 3195 1682 7100 3820 8683 7269 879 7069 472 9721
29 713 9405 3989 3875 5719 922 8642 9062 4045 485 7515 6067 6674 2037 1702 4746 7871 3509 6530 1890 4015 5965 8974 8999 204 4731 651 8641 3422
30 6403 9636 493 4415 2663 8485 8742 1297 1217 8109 1681 809 6816 9774 4067 6774 9460 6937 8117 2727 468 6812 3131 7681 1490 3441 5055 5937 7601 7527
18 2135 1784 5295 8991 8128 9610 9033 7636 4838 9519 6520 927 2855 5883 1680 1003 7111 758
29 2949 7329 2957 1904 1201 4544 6643 9263 4699 5967 3278 3534 6833 8833 4947 4682 9870 6754 7155 6162 8442 958 4708 9745 1824 7744 6936 8623 807
31 700 7156 1869 7876 6764 4659 6336 2527 7048 1330 865 1199 2345 7403 6829 7417 8127 841 4452 5035 3900 9780 7850 3448 6124 2326 1972 2073 9131 4145 6246
16 3442 2738 2147 9104 8192 2533 9398 2795 1659 420 3125 8707 107 7667 6087 6750
25 6831 7020 965 318 2651 6261 4034 4477 2290 7931 3085 8741 6423 5005 3 386 4565 1342 6636 9269 2650 3365 5450 4589 5067
19 8670 1411 8905 3186 7022 5916 8427 7107 8186 5671 2097 195 5797 8501 5515 3838 5666 1242 2794
28 1543 9935 6296 1240 507 908 8160 4278 3714 9006 862 7796 909 6522 5274 9363 5594 9672 351 6306 4509 9365 2638 3712 818 6623 3644 7115
30 6901 3826 7557 9164 3396 1355 1475 6393 2023 7967 7998 1283 1073 83 997 8583 3553 520 5132 6109 8270 2853 440 4162 7343 8327 3417 44 2103 9259
28 3156 2424 3910 839 2639 8236 2613 990 1620 5465 2122 9302 5385 7189 1989 2682 5558 2295 6126 5038 4240 1703 4298 8507 9865 4451 702 7586
6 8518 5991 8231 8969 9905 5059
27 9393 9406 6547 4973 9199 3532 4270 254 6416 9508 536 5243 4188 8621 9506 4369 6308 6225 416 9588 9502 973 2993 1350 4267 6445 2964
31 5769 1605 457 2056 7434 9537 8118 9846 2810 4617 352 1104 9208 793 1591 2244 9727 510 999 4082 5997 6394 5884 6318 9189 3046 7151 1939 4951 9227 4891
22 1515 7108 6630 8079 3829 3547 4561 9136 7106 9541 3962 9428 850 7354 6214 4438 8885 2521 6770 7533 1001 9796
25 1992 789 2198 9485 6392 8609 5952 353 799 4114 2281 9022 543 5512 7461 6838 2447 9422 1671 9032 917 7159 7495 2083 1114
8 8703 7287 9316 9382 476 8397 7304 4779
27 9325 4208 9011 9562 4141 6647 5437 8500 5373 9333 77 6204 889 5482 6860 1017 3355 5392 8837 2262 314 755 9220 1636 1213 9465 9472
32 7928 8484 1363 1986 4115 5453 7448 2362 6098 5451 3673 4787 5998 736 9767 3573 1783 21 813 5152 9603 4480 6183 4174 9552 3349 5423 5348 4393 142 3458 8942
32 6807 4387 4661 7236 5303 6048 7856 8737 4213 9496 7573 2568 2402 5664 4805 7735 3660 5525 1853 347 8250 4740 4514 6539 5185 6501 3376 7991 8879 3630 522 4799
11 4435 7398 245 9890 98 8071 2767 3492 5011 4133 9380
21 8640 7198 7779 4940 3039 6187 9331 5708 1717 4762 815 7500 7893 5927 3302 5560 9057 8090 7051 3611 9146
18 9888 8262 2399 9965 2245 381 9429 7256 6989 6716 5674 5386 5976 9292 6970 5360 1493 6686
23 9679 6150 4196 9696 4658 9037 646 2240 524 9229 5317 7635 1457 4165 9973 3548 7526 2249 4808 3041 1868 0 4023
14 3869 1438 6804 9640 4411 7291 9040 1940 9266 7112 49 859 6433 1439
23 1105 1111 2997 8421 2470 7503 7187 2314 852 2341 1819 1229 6226 4262 6180 9124 3658 804 9664 6348 5130 1801 7731
15 3253 726 5049 419 1430 3215 7043 4006 8753 5410 5787 5002 4402 6322 1713
33 8329 1609 8573 4920 7686 2059 6896 709 5899 8014 5372 3799 2607 8550 9800 9351 6683 453 4276 253 6755 6429 9285 7332 3091 7369 8398 8013 5204 1400 1060 8137 7393
15 474 3575 1002 3685 9837 4470 8687 6043 894 1107 2918 9343 9643 7439 9803
31 5868 6135 7638 4246 2916 4372 9262 7558 115 2054 7370 202 2228 3574 527 2729 6692 5925 5999 4893 3144 9904 3096 5468 5354 7158 7478 6943 6365 438 8147
34 5693 817 206 3816 7668 986 6871 6589 461 2565 2907 2229 8460 4489 7007 5548 414 4198 4373 3668 3834 5843 5013 5079 8132 5897 7905 7696 9210 8130 9787 3848 6400 5592
21 84 4583 209 6475 8796 3057 3169 4089 9516 30 355 9368 2390 9438 1328 7217 3782 1094 6072 7126 4793
30 9140 3596 6208 9702 1910 671 1886 2187 6587 1101 5632 3044 6642 3610 5262 8177 6540 3027 6841 7961 5261 4576 4991 427 9567 3637 8001 5029 5865 7223
17 6198 3358 1325 40 5805 6103 5784 5454 79 1086 868 5414 5912 1966 4446 2770 7036
30 6706 3651 6756 4225 1729 4645 7732 3373 6268 1944 6868 1236 5681 8656 6509 7945 3018 8528 6661 9932 746 5269 6074 7238 3781 8168 9013 8808 557 4156
20 8758 5377 3193 1416 2966 1444 3764 291 1183 7388 783 9126 132 6592 7803 2666 9034 4013 790 4140
14 5717 8158 4910 3105 6454 2464 5853 7643 1459 7659 6290 9278 2016 2887
19 7956 5808 368 5382 28 6224 687 2863 4322 6918 4943 3399 2823 8082 2454 888 9918 8443 2002
3 2695 7325 7678
21 768 739 6192 9349 4651 3682 2617 4505 620 4859 4488 8223 5264 7776 2606 2158 2259 6057 3688 5446 8131
27 375 9864 5756 5678 6380 6270 9458 5879 8918 912 5730 3811 8283 3912 2236 905 7703 5831 1662 3998 2450 7992 5057 1306 5443 3965 5790
28 4090 5213 7546 7602 6141 4318 595 1160 8018 4594 7614 2935 8193 7497 1058 8567 7608 600 5518 2354 8839 5224 5644 5162 8008 8454 8797 6364
22 9084 5387 3362 6684 4828 1834 6042 2859 7521 6938 3344 1895 5575 5277 2976 3336 7157 3898 3002 2353 6559 5198
29 1406 2356 1142 69 4602 7840 6570 7068 4244 1598 8928 395 11 6292 5704 2348 1357 6609 3332 2405 5761 8473 3523 8676 5429 6035 7235 8497 3791
13 311 1421 4017 5553 6397 1279 5493 6015 3040 8211 4197 9004 3533
29 4379 6329 7406 4826 1685 225 942 2745 1846 8869 5033 7726 9838 8334 1590 4033 4025 2646 6691 2903 5850 8392 6427 7736 5551 2337 6 1020 8171
25 7399 1024 9320 2896 6523 6272 8597 1109 3203 5031 7609 8031 8299 3841 213 6490 4122 548 4632 6046 2491 5596 7896 3719 3388
23 7561 9463 9627 7243 9345 7208 8665 2753 8062 1259 9238 1012 3793 1037 3516 8914 681 7024 7577 3158 8701 1247 6113
23 4494 1803 2209 3370 6357 8688 6163 6932 4457 9480 4043 819 7328 8496 9529 2655 8240 5339 7955 2287 1290 5435 4022
24 568 6849 4794 8285 2570 6927 9276 6484 4449 9790 6708 592 8599 7892 1740 9145 8949 4484 3180 7611 5368 8453 8178 6405
5 8950 9347 3188 2573 5891
29 6541 3579 4164 439 8085 7663 380 175 5792 9741 7894 6775 2923 4265 4535 2793 8525 4816 4715 2475 2779 73 4239 460 5248 5758 1619 9311 4962
26 4948 2512 530 3544 3319 7253 5409 4872 9822 4068 698 2370 5061 4919 201 6077 5326 3515 5190 7959 1080 1153 5047 8053 2586 998
26 7913 3475 2782 4656 1079 4605 7812 6331 6882 6134 6808 2959 8576 8476 1945 1119 7258 7797 3244 5966 8738 7199 7473 1675 1026 835
23 3444 1860 5369 4482 656 5433 4326 6247 2291 8510 5919 558 6551 9695 269 8144 6373 6876 8249 5003 4160 3229 2814
20 2061 7891 7373 780 2181 7901 2817 120 23 3071 6668 5754 8663 5778 2595 9960 1722 4923 4277 1207
13 1135 6793 2109 3352 9553 4492 5898 6687 4769 9507 3787 8508 7241
14 3654 3767 2693 1435 4961 4401 5895 4732 4982 9956 13 108 8939 1230
25 6916 109 608 5777 9314 8854 2434 156 5910 1643 9433 561 9880 8115 7419 3178 6516 2685 2830 5078 4977 432 2936 8091 7537
29 4855 7889 3368 4228 378 3232 5557 4944 7221 163 6085 9785 3992 5908 5191 5728 8771 3217 6050 9261 8491 7895 4934 51 1645 4295 3633 8087 1705
21 273 6740 8902 951 2686 1845 1250 1583 8506 8373 7149 880 1075 8650 7848 6001 2708 5427 5270 9066 8727
31 7040 3990 8832 1994 6575 3778 9070 5847 516 9300 3443 8105 7587 3449 7718 6733 1781 6667 4626 1919 6355 2127 6194 6411 3080 3627 1909 7057 6242 9243 3032
29 6115 5491 4833 5621 1175 5036 7041 444 2270 4677 1934 7900 285 1042 4263 3061 6320 4306 7452 8634 1445 7765 9486 7676 7087 5119 1084 2888 3737
33 55 7320 9559 9105 3036 5135 6346 8860 2072 2842 1197 8072 9321 8212 6982 3856 4903 8281 9828 7547 8362 2757 6688 2496 9660 6285 6986 7183 4324 5044 295 8122 2138
20 5086 1372 7372 9297 1102 8379 6719 9101 9222 5951 1016 8721 8470 6713 9224 7321 6205 2956 996 6517
28 7929 8425 3092 2518 5012 1884 9242 2377 8851 8266 4086 9141 6375 4718 7298 7094 748 8922 4500 6792 6256 3942 756 7950 3987 9990 7307 4268
14 1833 4781 2626 2537 2333 3732 1613 3839 4776 7915 130 6848 6138 5982
32 2316 3148 9469 3739 7882 1509 6062 993 2525 9882 6596 3925 3293 5094 5801 8755 3599 7505 7378 2328 6779 4671 6543 1127 6586 3405 747 5647 1437 9215 8874 6227
28 541 2714 1524 935 8059 6580 7746 105 6161 1393 3561 8826 4085 924 8475 3494 4619 6813 8016 8776 6894 8608 4737 1936 75 5121 2090 7600
28 4637 864 3129 8112 982 3993 9564 5405 196 1800 8624 8590 1463 2413 6353 9318 2012 8757 1401 8579 8769 176 913 1295 1312 4901 5273 8113
29 8962 5359 6410 4088 8791 102 5043 7134 883 6751 4426 2805 8143 1932 7619 7331 9344 8003 4964 3852 8680 9689 7596 1077 3687 8959 5944 9176 4124
19 5885 7180 7927 3411 8682 8155 4607 3669 4147 6800 7045 7142 5658 684 1525 50 4192 1442 8330
33 3855 3758 9255 4285 3116 572 159 374 9641 4498 342 8562 6722 4669 5929 6486 4685 6790 3142 7923 337 9161 6086 1070 5246 8341 5604 4908 2227 2267 1822 3484 2225
25 9449 2132 210 8348 3735 1188 8150 3228 9722 4204 1502 6504 6859 9762 1268 6957 7582 3280 8145 4610 2120 6621 329 4178 2509
19 3578 7113 4853 7763 1534 7707 8284 9801 3935 7607 8805 5932 4545 7297 6576 4728 9461 7335 1150
15 3371 6123 442 5732 8995 4639 9249 8199 7827 5015 4812 6914 3023 7906 1473
25 24 3640 8574 5955 3220 9202 5866 1738 6082 3531 8952 7341 947 6880 5734 1789 2379 6666 8846 8696 2985 5652 9827 5312 3048
14 117 1013 7975 4064 8462 3936 7854 8946 4363 9323 8424 8941 2361 828
21 4618 2942 4867 8521 2881 4139 7239 8244 8481 5610 1747 8039 4012 3074 3927 5828 9642 3337 5508 1202 3619
29 372 5948 2401 6922 1863 8445 7916 3418 5014 4638 8533 1875 384 4144 4051 1162 6637 4707 7752 7855 971 3954 7029 9007 2372 3335 2922 9097 7201
23 7401 4260 7631 3108 1460 6705 853 4331 294 7176 1831 4365 4060 8935 1423 1477 1025 2524 885 2807 6207 7719 6518
27 4307 2536 9602 6058 9450 9645 5100 1309 1117 9077 2622 2737 6625 6325 8809 1358 3118 9108 1954 9862 5239 1882 4189 6507 5720 3514 8154
15 6695 8055 7248 5712 3453 1146 7071 4936 3911 5918 1356 4054 662 1677 9178
27 9523 5358 1177 977 1835 871 7010 1752 281 7754 52 2021 6414 9816 5880 7327 4870 9170 2826 2317 1749 6249 5871 5703 7801 8538 8722
20 1005 4693 1970 2261 3420 7209 8151 7808 3901 193 3862 9226 1584 4104 8534 7394 2596 3924 1033 7632
22 2869 7471 8328 9252 8821 7167 9218 4473 5741 8633 745 192 6193 9794 1726 9808 4424 4418 794 4741 8414 5266
36 4150 1593 9845 5347 2140 8615 7263 4798 886 6930 2043 5064 9230 5958 4698 4824 5963 6337 7723 7919 6071 9715 3268 7423 5826 602 9873 1044 2080 5942 6789 3860 12 9753 9573 9938
29 4058 9920 1959 5156 5511 4007 7342 5861 4397 1198 2601 9724 857 8551 8627 8933 6682 8026 5180 9945 3481 5 7963 8802 185 2474 5661 1641 8119
31 961 2538 7379 8973 560 4862 7984 6379 3271 6452 7755 3597 4460 4647 2500 8513 1885 7449 5938 4783 9857 7480 3804 8537 1397 5657 2637 488 5688 5065 5836
23 920 5875 8784 6220 2982 6024 8412 1415 3895 3584 6909 5901 7143 3139 8692 4810 8954 6847 5529 9029 7970 5333 7482
29 9675 8020 409 2305 8989 415 952 9028 7516 7231 3498 7440 9225 5635 7259 9605 7273 4974 4254 344 7055 6553 9336 2157 9714 8282 9294 9088 2868
27 4894 1651 1121 1843 506 2741 4593 6172 5809 8239 586 6983 732 8361 2567 8812 1816 9389 287 764 8451 4611 299 7350 9555 8138 1009
29 9550 3325 6971 9002 7245 1179 3062 2557 7806 2535 5872 3450 1786 877 1727 703 7313 5706 7890 2071 3713 3604 4676 6343 8230 6441 1374 8106 5586
30 1978 7230 4154 6634 8795 9209 2385 6946 6333 938 490 4055 7389 3613 4218 9447 5349 7538 7652 7897 9615 2929 8195 5209 8602 8658 1858 9614 4310 3380
19 222 5572 5996 8554 7698 7759 494 7466 5001 5630 9950 8646 6820 3115 2129 991 3214 2590 6753
33 9799 7553 5425 6029 2577 3082 6101 5088 9963 9812 3691 4014 893 7004 1513 173 6149 2563 114 5007 1434 6259 1795 3226 5275 2460 603 3035 4215 6354 8308 6933 9172
21 1664 5237 481 8816 5351 241 896 9836 8505 9167 6064 8540 7588 7285 22 9085 2572 6660 1389 6303 5578
22 297 4546 3510 956 4958 7282 7457 8030 6178 1476 4456 639 4173 9372 8975 964 4861 7484 3718 5974 8581 6152
28 4143 7116 3947 95 5234 9832 4713 3261 1455 3621 8288 9574 3772 3948 7288 3011 7353 357 6167 8842 7272 1034 7780 3282 7841 2067 5800 9359
28 1040 8586 2118 4404 849 559 7344 8667 1568 2468 7562 9758 5023 7351 5640 4809 1296 4567 3455 6759 5229 3143 5416 5494 2764 2203 2321 1558
31 2559 9473 1564 5816 2442 5799 7096 6279 9228 8023 3851 6699 5470 9328 279 7137 8126 8381 5943 2700 7925 5577 9279 1089 8894 6028 3558 926 7568 1285 1823
33 583 699 2455 7572 9620 3493 9475 9731 3247 3731 9038 1368 6861 692 5878 1827 1715 9969 6091 186 7254 4053 8524 6827 2066 1124 5128 9692 3497 2615 3887 1343 3589
27 4346 3138 2681 6069 7442 4764 9684 9195 930 9424 1790 1779 3672 3372 7262 2990 2945 9194 9583 3452 676 8729 2215 87 2392 2028 3638
34 7952 7512 4815 9757 2635 5228 6618 425 5076 9980 1791 6915 6824 8745 2611 3501 1053 3538 2772 8465 6510 7514 9149 1807 597 6236 1144 4010 966 3520 1826 1347 6795 3812
9 8840 6199 8224 9705 3583 5751 300 4834 4796
18 1888 6735 825 7870 4137 1245 5124 9346 1836 6568 834 246 1542 5024 8336 8838 4374 4622
22 7119 2641 9806 9575 4957 9138 1725 8827 9089 2104 8659 8926 2478 1286 1125 733 6996 3320 3881 6797 2168 4483
28 734 1630 5089 3602 4245 751 9842 97 7924 8502 5527 6920 7091 4722 6565 6431 3006 1298 9356 7317 3683 1128 7978 4252 1454 1195 9776 2564
8 4214 2026 9282 306 4811 6533 7136 5646
11 3149 7575 4773 3506 3237 3099 5288 404 2980 9174 240
20 3988 3608 9072 399 7179 4357 1976 654 1244 5258 9308 276 3519 5325 2257 8269 6294 2322 170 6461
17 8204 7704 5540 6567 5593 2343 4072 5133 1980 1008 4264 2854 4521 2256 4681 3401 1880
27 157 2436 4836 881 8542 8953 4130 5907 1891 5155 3959 7646 3013 806 4847 2832 1238 6646 5561 6217 1938 3248 8714 3284 5476 5077 1805
10 6321 8345 1541 7590 3331 1395 8966 7247 1076 2445
7 5598 7129 1995 5686 7464 3635 4557
25 9283 9852 2657 1997 3616 1491 9538 7135 9284 4249 9644 3323 5249 1714 9939 72 6572 5590 2733 4946 139 3309 9587 5469 3870
29 8406 9052 4848 4107 4493 6251 967 3790 7197 1255 3645 1748 1041 863 5292 6940 7743 6561 9445 1571 2792 5634 7074 4631 8391 3327 5978 5390 6212
30 6961 5743 2495 4202 1684 8188 5576 6081 711 2648 4689 2958 4378 5172 1047 3262 4845 6707 8170 6988 619 8619 9861 5096 1074 6731 1472 1261 2312 939
3 7862 8088 7376
28 4842 8459 8040 6430 1365 7777 2394 1523 8164 9632 9031 4772 3256 5911 4712 8294 4771 4954 2162 8625 53 2369 3922 182 410 5705 7228 6458
29 3103 9685 9813 3199 3537 5628 1494 9505 8058 121 1709 9826 4323 5694 4569 9386 5111 8668 653 2895 4814 1360 140 1398 4956 6151 9454 3042 9765
26 9216 4414 150 8133 9179 5830 8761 7275 6297 1464 890 3101 9709 776 9966 4881 8845 6440 6005 4952 1043 1497 4540 7310 59 7700
14 622 5113 9543 8823 2731 6648 8116 6013 2515 2065 6672 1897 7647 8563
14 29 2357 364 7153 6174 9399 340 5791 2034 8971 7184 3020 8319 6613
27 3555 2079 6003 5957 6356 6182 6639 9234 1700 118 1589 9720 8603 5462 6963 7594 5523 3377 6873 278 7260 9688 4560 875 2403 752 4818
30 2986 4428 697 9804 6601 7364 6893 5400 5915 1453 7234 275 688 2142 43 7584 3089 9551 1039 5456 8899 5290 5322 3113 6624 729 3734 7606 343 9792
28 3457 4885 3354 9769 7382 2781 3775 4696 7837 2121 4884 4111 4840 1921 5582 9958 9327 8930 2587 9663 7023 6791 570 3671 2822 6112 7943 4354
31 3693 9128 3426 6413 3542 6078 7595 9151 6907 6864 7727 4590 4290 6387 9783 4176 6617 1596 9725 3568 829 9271 9437 8352 8369 7917 6073 327 9887 4723 3021
18 445 8699 1208 412 238 4316 7454 6382 1775 5421 5396 2974 4287 1971 7214 8080 6911 6470
20 5406 6658 6307 4733 7685 3721 3102 9156 2220 4939 816 9734 3150 6513 9978 3590 5196 4155 6233 8730
12 5424 6493 9012 3614 589 2506 5802 9903 6892 9622 4199 4321
13 3471 9985 7196 9763 9843 3876 2873 7753 1064 1892 2347 8490 8222
7 2576 2123 5983 932 2503 3886 923
21 8179 2748 3317 7085 1627 9410 4744 6460 9729 8511 320 7164 8807 6264 5498 7674 373 861 9415 1552 7522
17 3281 7210 5636 989 6739 1215 6132 6593 9639 5208 2909 3308 4443 366 1132 1371 8824
31 2020 6884 5554 4003 3270 3435 9364 5962 2292 280 8148 1612 2042 3699 4597 2768 2004 4026 5231 6100 7308 8002 2801 1083 5544 9338 1380 6258 2821 7714 5817
25 580 8739 4109 1628 152 92 1537 5914 6548 3300 2552 7842 2978 9181 7932 2692 7540 3254 810 1095 1760 149 1479 6994 1157
25 7640 8435 4421 4703 4291 5660 1937 4433 4802 5340 1029 9941 6600 7003 2400 504 9051 1616 7851 8887 8265 8255 5923 3347 8618
26 1866 400 3068 5663 9190 8504 7730 5116 6156 1051 2835 8793 262 8829 8201 2579 7338 3844 9169 2968 3576 4108 6093 4790 3369 5125
21 6456 902 5771 802 7710 5584 921 4441 1595 808 3751 928 7542 4036 7734 6949 9807 4183 5781 4510 8000
22 6228 4706 332 9657 2799 6216 7081 8801 3432 1695 1289 6728 6611 6524 3440 2339 9756 8083 1958 9937 234 3618
19 2912 1874 2184 9018 1443 8140 7907 5101 4921 6235 3145 9471 7170 5960 4753 5175 9599 5896 1562
29 1353 3208 1218 9680 7190 645 9466 4888 7604 1220 7794 2141 9849 6921 7009 3919 1469 7340 5605 5639 8568 9772 4721 7518 411 430 2890 900 2897
27 8184 1977 3785 3429 6737 6313 3476 9388 537 8325 2213 8920 6262 9933 2427 3419 9500 1164 5056 7083 648 1698 8267 4817 1614 7649 5859
28 4788 8104 2566 7874 5783 7785 4063 8996 8815 714 3231 126 1519 500 9080 6810 7095 6276 2743 4616 4780 8183 8558 2310 1258 9635 3741 9915
28 4495 5393 8254 290 3047 1686 9158 5193 7778 4937 9444 1761 3130 3241 6047 6083 7875 6483 2489 2022 7997 1021 1234 787 598 5714 2858 1758
29 1269 8449 3821 3605 4409 7479 3205 3624 7267 6680 4330 9113 771 5810 9092 3283 4039 2889 6506 5115 6500 4061 3310 1576 2457 2914 1825 5499 3279
26 5341 4537 7648 5212 6615 2033 8190 2173 9817 7691 6240 7626 4217 4878 7790 1486 6712 116 2255 5930 5319 8286 1694 2005 8834 1022
25 957 8209 9744 6293 39 8413 4105 3227 1071 5552 3661 6862 487 154 5430 9582 7979 4179 6435 229 1093 2540 5398 3204 638
27 1735 7451 730 9947 32 3366 1553 5994 7508 1979 8760 2218 6866 282 7021 3674 4850 1535 2763 4719 9212 8712 1766 8836 3357 6844 3288
29 3025 627 5214 2382 7628 8367 2930 7988 1480 1282 1871 670 1840 256 5389 2644 7653 2351 8049 3874 3777 9244 4571 8032 6166 3941 7845 6992 9693
14 4586 4511 720 6186 4297 3760 788 7722 5342 1366 7002 7789 9719 8377
29 5304 2006 4630 7226 6438 7386 4966 2602 8220 8237 9324 4340 434 6366 6117 7969 8107 4175 3407 6049 6690 1361 8880 6766 7391 4931 2019 3128 1929
16 7141 9452 8198 9549 3414 169 8523 3952 2680 5959 1911 7823 9247 6888 8437 9287
23 3030 9996 1010 8146 1281 772 949 6476 4062 7383 5614 3806 3810 8655 8356 8096 9525 7053 8124 9069 1579 9354 6494
25 3564 4959 3403 640 9712 7682 5279 9478 230 9054 800 405 9395 8390 6055 9456 9509 2494 3423 6007 1403 9061 535 1385 5020
24 1528 6877 5748 6710 2250 6480 578 7078 777 7920 8307 7807 3072 6928 5655 3813 5648 4609 6095 4288 8405 9493 1161 2669
21 8342 2788 9401 4717 6904 5862 1163 3788 8643 1765 8066 3944 2342 5833 5431 3626 2492 8908 562 4568 9766
29 6952 6747 9030 4016 9064 5422 9165 4792 9975 9264 2467 9474 9593 3997 3968 1629 2279 7385 1780 167 7591 393 5759 705 937 1663 6241 6278 737
27 5161 7104 9944 3445 6985 5642 5169 1458 847 5134 4046 5587 5305 7132 5216 3010 4692 4710 1957 2237 9501 1990 3762 7054 4364 9770 3120
30 5716 8848 2539 4050 5662 4403 2076 6237 1912 8339 2373 8289 4314 6036 5309 3747 4100 7280 2485 2750 2165 8677 4598 9747 7977 6676 5471 6997 2210 480
17 5649 3468 8324 596 1369 4327 7830 6223 7857 7077 2851 7322 4739 6105 9565 1624 7025
18 3743 7846 7249 7554 9182 1319 2088 8287 1370 7144 5490 2204 2879 3526 7261 2100 1341 2664
31 2008 6457 212 9735 7692 1565 1644 9288 3466 7712 8063 9376 7817 2861 1275 8822 2756 4579 3878 2676 7838 1608 4726 3322 6195 8685 5613 2529 9669 9309 2411
11 3692 8021 6450 9353 6446 2323 8806 369 1176 2670 5903
28 8102 2899 9286 3585 7579 7019 5457 1048 716 1348 4206 8103 6605 6165 8153 6326 2084 7192 609 6037 2487 6594 3835 2114 1987 6010 231 8321
14 6039 4965 4714 1531 5032 90 3438 4925 6709 6837 8125 4620 4391 9515
23 268 6110 1054 3375 5539 66 7278 2406 4989 4236 5329 6619 3285 4009 1471 1253 8516 1839 8732 205 1036 2001 7909
32 8559 6558 6765 119 6173 46 2126 2108 5009 7770 7680 1123 6622 7130 5102 8565 8172 8068 8234 7421 6651 407 3695 5696 7705 1599 635 4269 8770 667 3562 5555
27 5245 9974 482 57 5107 6537 2706 6657 3499 6140 3210 5247 2938 9584 6444 4543 4461 5383 3076 8354 7491 6673 9961 323 8468 443 1015
28 585 8376 1955 5711 9872 8298 2954 3469 9299 6253 1981 8415 8976 8359 4985 8828 2201 1712 5223 1351 8076 2775 4967 455 5825 2691 4795 3289
36 6424 8323 3603 4705 8042 9617 5838 4195 9896 7822 9823 3295 4856 396 9844 3550 4518 866 5139 80 288 1103 110 6720 4743 721 3287 7559 7973 526 86 5591 1147 9119 3825 3402
14 61 5990 9251 9732 6104 2933 3198 995 5138 4729 3543 7996 3528 5244
30 7229 271 9869 8637 9743 6966 9761 9481 3867 9928 8099 3007 3070 3182 1842 5739 470 4001 1621 334 5164 3100 5609 8166 7469 6014 1156 3652 8078 5439
12 8728 6924 128 1252 4587 1647 8306 5653 8611 4091 3863 8350
28 5381 2838 8448 6645 6967 2653 7150 2264 8864 754 274 9330 1905 8916 7531 4621 2010 7032 8600 9455 1049 8358 555 6788 2193 8156 2463 7093
26 8578 2480 9341 1985 3556 8547 9150 6415 1924 3893 4591 6697 3738 1687 6588 8604 7571 4672 2087 5935 3301 188 6257 1547 56 398
21 1879 1973 4366 7414 2513 3946 7627 2534 4550 2739 1763 3996 2063 9404 1793 784 441 7044 6955 6185 8925
7 3008 1192 1670 345 6542 7739 9914
20 7877 8792 6245 5158 6133 4913 8780 2393 2898 5411 4559 129 358 227 3726 8474 6577 5643 8859 6018
12 7799 9246 3381 7962 5729 6869 4238 2420 4271 2471 3943 2951
20 8520 3170 8207 3921 8575 1733 1441 9900 5702 1872 6659 9611 897 408 2977 538 2532 8241 8045 3341
30 8271 5034 4665 950 4205 6762 8990 6283 6367 6769 7368 4266 8811 8779 5167 2364 6505 9534 647 2943 3087 4083 2458 4077 4230 6177 2363 2300 5225 7374
30 741 945 3833 5917 5263 3958 9381 3155 542 7422 4019 612 2599 7352 9442 2526 3916 5796 1373 9572 2549 2621 33 6144 5811 8452 9676 8674 4311 7986
11 7911 1689 2718 1744 6878 111 4445 9332 6685 5404 7713
22 6649 5654 6536 4657 9492 2776 5082 9075 397 4353 1820 4394 4851 9498 8549 3828 7124 9877 162 7670 2876 7773
24 2941 315 8309 6021 8768 529 2404 674 6121 9701 8620 9479 3141 122 4237 1999 5589 9839 9086 3831 1832 6432 4600 9910
10 6160 7082 4761 6076 2288 9750 1262 3792 590 1923
15 6607 9544 2690 1580 2754 4070 7139 1606 331 1788 4272 6335 8888 5563 4220
26 8395 9137 4673 1500 9738 3802 91 9964 4857 6094 9436 2284 6738 1711 9518 1072 2510 7487 6428 4504 7400 16 770 8365 5536 316
33 4687 3196 5307 2787 4485 3477 2802 691 5526 1896 1248 9881 9143 6743 3847 8591 7570 5233 1920 2309 8428 1810 6376 8335 6887 2701 2514 1617 5328 7859 5839 4057 6665
20 4882 5721 601 511 6023 7535 1168 3230 2302 3001 8206 1812 8174 6358 3184 7303 6295 263 2659 7008
30 2774 4648 6202 4558 2000 5287 8243 546 1943 7366 15 3722 8911 9462 6033 1946 496 5363 5820 2811 4928 3720 5845 4670 6569 7123 4216 9390 4049 4592
25 4829 5815 4119 2368 4093 9185 4312 3873 250 5106 2263 7121 860 6964 7539 7544 4149 6546 6273 9387 3456 8654 7881 7133 4399
26 113 1734 1313 9625 2409 6244 7387 2095 4775 6681 4734 4539 1516 836 3269 305 1857 3212 449 335 7200 4275 8589 6330 3931 8994
21 9207 8629 6879 2769 3305 3353 1166 286 4251 8778 8060 8322 644 3019 1906 7426 6314 3110 7481 3480 2940
19 3239 8566 1267 9654 9477 3636 3513 5087 2875 8638 5289 4167 7689 3757 2614 4487 5171 7741 3560
16 9411 842 4720 4410 4065 1721 8662 3507 6581 6176 6229 356 2719 2282 7771 7458
31 6724 9503 1276 417 1667 4595 9159 8560 377 1539 65 4654 4125 1716 1130 4988 5738 8366 8248 5736 7279 9591 9296 7530 9253 2289 4350 8690 8884 8036 7795
8 4644 4588 3297 3868 9451 7733 3097 2273
28 2944 8978 1221 497 4953 8951 1436 382 2760 4768 3428 7286 5981 9348 9704 2085 9367 8936 8389 9063 8515 2301 7869 5311 5286 9499 6626 7784
19 1794 2791 2605 7312 6526 9127 3098 2045 5160 3930 2710 4789 4388 4289 5611 5181 4148 9713 6834
15 9670 1090 3017 9613 1381 884 2202 8197 4766 7989 579 8666 4425 1950 7826
23 8420 3104 3866 2497 5503 6222 5452 8257 2206 5770 6146 613 5157 153 3763 7511 4465 1007 1141 9383 4392 1549 3620
31 9901 1984 1908 3938 3632 2352 4880 3026 3759 649 3859 8895 4942 7363 4915 6478 1850 1673 7728 9352 7225 7658 9746 5946 4308 2962 3945 8900 4865 1829 7766
15 219 9191 248 9925 3330 5019 7886 5420 5987 304 312 6045 4097 948 8070
29 9581 5818 3786 7737 9819 8671 9394 8984 7805 6727 1271 1692 9319 9421 515 8304 8872 5733 1736 7910 2759 3745 9616 4513 8482 5623 302 6717 2223
14 3321 9021 1548 8961 4581 2705 8340 4052 3488 1408 4695 325 2813 2252
3 9121 7194 7581
27 6044 3951 8440 1503 2999 2105 8938 2395 2558 1364 3761 6157 2561 7788 7651 2024 8709 2102 5546 3598 4738 7821 7427 9448 8561 5294 4599
21 9020 7346 3986 1914 2473 6679 4916 8436 6554 6972 1292 547 6787 7669 5109 3275 9942 9120 4760 1570 2840
21 9979 3176 3541 5892 9116 6969 8259 9742 6491 3646 5070 4924 7220 3470 1235 9929 5986 3897 7195 983 1344
29 8675 5744 41 3022 9130 3949 8272 2107 5564 6056 7296 3339 1468 8593 731 5220 6459 7942 9618 765 6310 1806 8734 2091 1390 3028 1327 4296 4305
31 9291 7319 5017 6818 3906 8037 8652 5844 6426 387 9983 4248 1771 7178 26 2358 6396 8471 6145 9855 7852 8818 6468 4797 148 2836 5616 2294 9940 3975 2130
28 1993 9851 3557 7152 657 7762 6746 8159 5074 6821 624 2546 6897 8258 1485 7018 6027 3545 5418 5378 9840 7089 3084 7509 6052 2280 7863 3324
11 2176 3774 5570 2844 1730 1205 2318 2998 2298 8907 910
10 6767 9459 1 5459 2671 7358 5607 7946 9771 9834
27 1563 3490 4099 2505 4584 5941 9889 2057 7062 7006 3894 6734 9155 2522 7333 160 3823 8388 4757 2726 5893 5889 9067 390 2618 8120 3588
19 2278 4223 6360 3554 761 2217 2160 8970 2011 3157 7407 3765 9361 1592 7791 8009 155 6736 2528
31 8509 3384 9144 5566 7494 1902 2673 2275 715 5824 5569 3425 4821 3137 518 6678 7125 9122 4190 6497 9730 7470 191 2029 3914 1739 4945 9307 3063 8384 4243
28 1815 2426 5887 7934 475 531 2857 3657 2547 3496 1774 1756 3392 5600 8725 1031 4259 8314 8081 7177 695 3736 6408 8983 3814 6890 2624 2709
6 6633 2736 7813 9921 3733 9312
31 489 6851 2649 7337 7211 4541 8804 4300 7629 4117 1603 5211 6038 1314 9554 4512 6142 4407 7265 4640 3273 9535 3151 7412 7717 5242 6973 679 1931 9374 587
28 610 6752 9078 35 4035 1324 6698 7729 8820 1561 724 2437 7507 2950 5080 4335 3004 5257 7038 9414 7644 1696 8777 1586 6545 4332 811 3969
10 2327 1625 4507 9954 5062 4697 3383 7059 722 7289
29 2507 5112 5829 6316 3502 4643 2661 1768 7498 4224 6406 7879 3473 6312 8242 8532 1538 9310 2069 3162 2725 750 3179 5855 7976 1158 1495 9532 5682
33 4098 8073 9487 9289 313 4555 74 2702 2248 7339 3121 3079 1392 9403 7960 7447 2820 9275 4464 8927 158 3109 9373 5735 5599 5395 9168 9589 60 7311 1507 980 2773
15 4066 2928 3991 5182 6825 7933 8968 101 5936 3595 5964 131 669 1961 1052
29 5902 8713 8346 7567 7492 5690 2652 244 5514 2612 3075 7222 7645 5210 4032 3982 5016 2499 1333 6175 2182 7251 2643 5148 6895 4157 805 3984 2329
5 7468 7671 8810 6230 4325
22 2429 5332 3338 2989 5154 8344 7798 8181 5183 6763 2150 5199 7431 4431 9674 1517 9596 6317 4680 831 9391 4846
9 3667 6377 5475 931 2331 1063 941 2094 6960
30 2828 3849 8382 7172 3051 8353 9035 4858 7903 3173 1787 9879 2231 812 1322 3920 7598 2239 3768 7367 7359 7336 5846 2194 7348 8404 2908 2818 8957 9430
28 4984 4437 5516 1777 8831 4171 3530 5782 5725 6726 5163 9407 1767 3979 9630 8161 8006 2619 3955 5683 2349 6153 2656 5874 7485 5931 321 181
34 6418 1100 8803 1508 8187 2482 8094 7066 3909 987 4472 5472 272 260 821 6332 1165 1965 2274 8695 2175 6835 8408 2902 4516 7264 9200 2554 763 7017 6595 632 4319 3871
28 6965 3029 9805 782 9681 4786 2979 2884 5995 7493 215 2086 4121 3776 9237 1566 5168 6935 1382 2672 4341 4375 466 4261 4554 3518 1962 6342
23 4056 1530 7637 3191 2077 2119 7745 8245 2439 3625 243 693 7620 1554 6372 8985 3379 429 3551 9773 6401 6147 9049
13 2418 8394 4517 1631 1187 6092 1336 8863 3427 7039 7166 5362 1367
11 9698 2520 7000 8940 7097 6197 4496 9612 3201 6602 6527
20 6361 4455 6836 5888 8034 1587 3290 1246 17 6289 1678 9739 899 3132 8948 2847 1701 9749 7356 8569
31 6694 2963 284 7787 2600 4986 3345 1521 7829 9482 9810 5481 5992 8748 8750 8015 985 968 9009 574 6419 2014 1754 822 5460 2824 6434 4650 8552 5331 9906
21 3410 1635 5920 4405 9118 1745 9858 7103 509 4784 6987 2417 6211 544 112 4562 1870 4876 2311 2183 978
23 5222 2106 5205 2856 3807 7203 1746 514 147 523 6677 8963 5442 1337 2636 8545 9091 8010 1933 6564 6557 4313 1626
18 6269 1251 5535 8653 9135 8555 9570 3746 4623 6106 4634 8416 4523 9489 5531 3412 735 5254
19 2531 3160 933 3615 3038 348 643 2407 3648 2829 1679 3689 1666 4745 451 2146 9522 3552 5478
33 5881 6159 6327 4869 6729 2771 4503 6832 2156 138 7490 9671 517 4660 1743 2996 4234 1769 9683 4827 4187 6017 6852 8005 8479 7127 9280 911 1661 690 9811 8582 6051
19 3708 7926 8228 2808 2438 683 9408 7520 2740 9957 4524 3639 3678 4774 3703 4079 4339 5821 3313
26 9187 3329 8588 6474 611 3194 9232 5835 5099 463 5201 6059 9157 8906 3508 7930 3350 2631 6022 8333 9201 1901 2152 8526 8825 4040
17 4873 7347 5250 1753 740 9604 4963 2713 5042 8904 71 8702 6828 2307 1133 6598 1956
30 8564 5060 2780 9254 4704 1487 3393 7761 4302 9000 8871 5380 6495 4430 3154 7939 4694 9594 5336 7908 1811 4917 5397 8964 2594 1301 5159 9432 5063 7460
9 554 8967 1582 8861 9953 960 2421 3525 5296
25 6900 7357 8835 8856 3112 552 7425 9962 8214 5709 2359 6462 5921 3416 471 264 179 6954 9898 6250 1837 9831 8152 3698 7589
11 7227 3246 4994 9467 8626 5364 5051 7964 421 3223 5046
13 1228 2784 9385 7277 8937 5837 9186 446 4434 3932 7836 3111 1087
16 1332 4184 4080 7444 9708 1096 5618 4448 5940 5118 4735 9443 858 1633 9885 7708
33 2166 5746 3263 4782 1222 9375 2320 876 1193 6757 7654 9015 8134 3123 5715 8993 2398 223 6471 2068 1567 591 7935 3505 3884 3192 2970 4172 5669 6388 2441 3978 1653
30 6780 9595 5025 8766 8110 6280 4256 8263 3843 599 6301 4515 9994 9378 8268 1145 8616 6203 8817 6758 7377 9989 1556 8264 3252 7436 6931 383 4955 9536
9 9626 3202 6521 8461 9277 3724 9786 2488 8226
33 8698 166 428 3915 2060 4749 3482 106 7764 1417 7987 5176 8764 4219 8129 125 8873 4359 7725 1732 5762 5283 7160 5345 9468 2046 2827 1952 5876 3500 8372 5631 9317
13 5487 3655 8229 7120 5306 161 6213 8909 2461 2093 6776 4933 820
20 5343 9768 7430 6563 607 3940 6744 8819 2365 4997 4751 1277 4229 3563 5926 5177 8522 4900 5953 1881
19 6913 4352 8998 9992 3211 9240 2035 2332 3570 3266 1446 3832 3684 4612 9592 3642 3587 6702 1140
24 8086 5856 2904 2036 7922 2900 1968 252 1391 7724 2846 7392 3328 3174 67 2153 7552 3808 7839 3299 8649 7418 963 7433
21 3168 4170 7574 2338 6305 1294 177 1862 459 1302 458 3694 6953 2017 8200 6947 3649 5873 7706 9358 641
20 2324 1489 5541 9634 7994 2919 7642 4724 8610 8111 7519 4837 8919 3766 7720 9005 8503 9025 8744 9484
27 7318 1852 168 7683 2952 6196 2665 7216 8631 5221 8901 2 2151 8431 2299 3748 2268 2303 2232 2047 3953 3094 8349 4283 1467 1607 89
25 3697 3840 6420 7118 7274 1947 3592 8401 232 4979 4852 1649 2688 6906 2971 8689 6347 4166 9258 4180 2592 9494 3224 2516 7467
17 6843 8277 4502 6749 8368 6009 3729 3926 4926 954 7597 5048 7673 4978 6958 706 976
26 7188 3459 3073 2992 2937 8882 4664 2260 3465 2374 2645 6999 1982 9542 5506 1011 3511 45 4030 8061 5924 270 8923 4823 3140 6917
26 6794 7117 4349 1723 6398 9576 3439 8028 9160 4701 6891 5849 689 4044 9998 1237 8252 6232 8678 781 2734 1808 5272 371 3797 2134
14 4877 328 1804 9483 8598 8457 6948 6011 7450 3503 6632 4683 2926 5545
30 6139 2143 5120 2934 1465 8403 5701 2667 4879 4653 9789 2241 484 8400 9106 4608 8883 5052 9665 5255 4212 6590 8495 3348 5740 3095 1148 5676 3591 4241
15 3647 5384 6532 2994 8469 6760 6640 556 2070 3206 1935 9993 2628 7215 4042
17 1407 4575 6255 1550 1529 6006 6962 8347 4889 7583 7624 4005 3864 9600 6817 3559 1006
13 7716 6274 7921 1925 5178 605 124 3715 4501 6606 6715 7489 4095
29 7709 3424 3050 172 4806 2696 2578 4497 7014 4406 3846 3216 5083 3413 4351 4960 9959 2545 2428 8393 7084 7980 6291 6489 2987 571 1225 2848 8717
16 477 499 9754 9919 2479 6344 824 7486 2139 2995 5448 8052 8317 8986 4534 766
19 8213 2422 1186 1797 7284 25 7063 3059 7593 7027 2723 4463 3956 4993 7219 1204 7405 5776 616
31 8787 7585 9631 5620 4450 8595 4552 6579 1532 6562 7610 1876 7237 2396 333 9967 4890 220 1615 5068 8315 9206 5745 5251 2553 3304 7496 4383 5973 4047 5697
8 696 2711 8351 2425 4629 7569 76 2591
30 1447 2293 9586 3842 7034 6809 5238 9652 8316 2874 7525 9221 8033 9114 6778 6995 5136 1116 9093 577 2199 9716 5327 5673 3676 3641 4 2243 749 2983
