29 6198 9543 5583 6482 7707 5680 6027 745 1707 3675 5856 4818 6585 683 6345 1070 3605 2200 1845 1006 3365 5663 8252 1583 6943 5870 451 1399 900
29 8103 9488 8432 928 1278 6278 1133 4828 3904 3678 4888 5329 1524 9233 5093 3692 6323 1858 1216 3945 3017 8354 2199 1017 1281 9698 5667 3540 1911
29 6599 8404 4701 7042 9956 9263 3731 7777 2310 670 257 4844 4002 3415 9381 9595 2387 8461 2270 3089 4928 8863 7687 826 4061 7050 4592 7066 1298
29 6440 4398 6497 3333 2756 2201 232 4231 9393 1871 1096 9839 2124 3629 6892 9716 7758 505 6476 8303 4982 5363 963 4783 4646 2523 1295 5418 3107
29 8450 2823 6578 417 9669 4573 8991 3335 6538 8182 615 1564 7785 9068 9217 6072 3129 3004 8171 2272 2641 6194 7659 4270 1181 2571 3958 2585 3386
29 6261 6891 5532 288 3763 5082 81 173 8076 5434 5397 7466 9497 7620 3828 7587 6653 5001 2521 9911 3296 8101 2529 7019 859 7107 5948 6149 2480
29 2822 8453 7574 5914 9735 4655 7259 184 1420 8638 7291 3035 8558 6388 5027 4317 9483 7218 2702 3973 8048 7454 8485 4979 121 439 6881 4585 233
29 5876 5798 698 1407 4151 1562 610 5670 8506 7597 1360 9575 1618 345 6399 6846 4027 8757 5150 9985 2750 5684 5011 4907 1378 806 7002 8360 6246
29 9151 6190 9791 5545 3268 1462 5126 9565 794 4446 2835 6574 1214 6780 213 6895 5622 1495 9509 9195 6004 6855 1129 5016 2990 4026 1105 4254 6216
29 9738 3968 9957 1670 4046 7603 6580 7598 8649 2707 5023 4533 1747 4930 7344 917 2753 6850 3056 8419 7716 3270 7895 3478 2104 1705 951 8387 849
29 1134 1466 5595 5156 7161 8277 9831 9184 7392 789 413 1000 9750 109 6716 5114 2206 3376 6739 591 6984 6108 9496 8510 399 891 5507 966 5707
29 8033 3233 4794 502 3373 8693 4530 6099 1821 7629 1218 8859 1742 5691 8915 270 131 6963 7578 9239 1356 1922 7301 464 1682 882 4998 1503 2611
29 2234 3902 4632 9787 5298 2555 2053 7117 9725 1679 3105 9529 9855 2686 8807 1052 9098 7889 8186 2974 8473 767 9691 8648 1209 5907 6029 6639 75
29 835 9890 7494 6699 2506 7482 6452 5916 9675 2960 5322 8214 3846 3926 568 693 4328 3891 9465 1426 3097 4013 9652 1277 9253 5633 937 2215 2497
29 9670 7735 1364 665 5668 7769 7086 2591 5772 4931 2286 5584 8106 9287 5720 2869 1832 4043 4868 6957 4554 8467 2619 732 4905 1115 6266 1001 2659
29 1959 1764 1060 1909 8282 6995 9856 8831 3803 3215 5068 5647 2355 387 376 2077 9564 1906 840 7083 9105 7303 5243 2732 2393 3406 5618 4923 8629
29 1179 929 3503 9251 5534 5724 7637 6866 9437 9854 8877 4047 7830 8426 7919 8475 9047 4780 1652 6087 5421 118 6926 2302 4020 6159 3024 2213 7021
29 7678 1788 5952 3643 8327 2049 5883 2637 1167 6160 9973 4519 4952 5451 5833 2372 6223 471 842 1201 935 7266 1966 9181 651 2706 3931 1268 411
29 187 4801 5967 4214 8906 1631 784 6859 5739 5935 8988 2426 2539 8482 628 3920 6521 8196 2128 2650 5271 8071 1628 3996 105 9099 9869 2249 7911
29 3039 2191 8657 9646 6620 7845 4694 7944 190 4264 4579 5501 9072 4081 8279 6448 1736 8310 8571 5605 3964 139 1586 2884 4297 1943 9438 9015 8465
29 5266 9696 4057 5794 6382 3536 62 7110 8645 2788 8794 2651 3020 1321 4420 9609 6607 3820 5415 6394 5494 9206 9631 8811 7477 8376 340 9847 697
29 9053 7313 6214 1818 5171 2664 4553 9585 2435 4413 6188 84 9809 6187 5132 9355 5485 2407 6443 8800 6568 6886 7600 3066 9582 5231 5844 7805 7688
29 2734 3075 4166 7394 4777 6681 1042 1770 7240 8316 9363 8808 6849 4425 4417 6100 5730 4482 905 3549 658 6047 4651 1997 9633 2776 8941 5779 9958
29 2603 9561 2335 5185 1745 5448 5224 4282 6854 2832 3166 7275 5018 9278 5048 6624 6565 6905 5617 5078 2861 8173 114 7714 6251 1881 3072 6264 2681
29 2150 724 8386 5113 3259 837 9537 6167 6874 9499 3850 4401 9187 9769 9334 30 5594 4310 3378 1087 5807 6196 6548 3713 2398 2448 2444 4339 7368
29 2921 7256 9166 1192 1175 2746 3346 7988 6218 5074 2799 4435 8616 8115 6544 7018 7700 6466 8626 8138 2676 3338 9108 8088 1576 5559 2119 9555 2367
29 9058 9440 5049 2933 3762 3036 163 541 2679 409 4262 7352 3131 225 922 9729 2951 3571 7563 7041 1561 7034 6848 7440 8567 5950 1801 3403 6804
29 1434 7901 6931 8431 1863 8765 8726 5353 5760 2892 9919 3670 223 249 4011 3888 7499 8843 5123 4886 4491 5933 296 2282 6761 6901 145 9918 9307
29 7318 9858 3693 5965 6150 4784 3722 9315 4953 2415 9056 9012 7560 2004 178 9453 8221 6009 4143 6199 3768 4445 3023 3135 3157 6203 3985 8268 5638
29 3448 6330 7984 4318 9079 7992 2058 9745 927 6523 4040 5327 3310 9081 8883 4332 2658 4054 3329 1252 6937 8280 8010 3084 8522 4840 9615 7178 5486
29 2368 2414 4797 4803 2640 629 4942 4350 8460 1310 1074 38 8507 3368 1553 623 3512 4094 1702 774 3357 3750 7224 25 7094 9778 3074 6038 9741
29 2635 2648 5608 2263 4034 1961 1229 9477 1149 8486 1290 4153 1003 3584 643 8550 4549 8158 1741 5139 1334 7274 9536 6659 2269 2942 8105 7841 4275
29 2922 8561 314 4068 2293 8615 7488 8737 4083 8700 5429 8878 5405 259 664 5214 3599 7248 248 6875 6803 988 3655 5686 5173 7478 3467 8216 419
29 5371 7613 551 7581 7798 6444 5058 6395 8263 1032 2802 9793 2397 7300 7948 7238 9264 5205 1338 5458 3965 3223 7933 5728 7517 1629 3101 7854 6576
29 5959 3581 7946 6475 8950 1260 1760 5433 3821 8476 4679 4657 2076 3136 32 3463 6851 9077 3276 3252 5893 7391 4210 6478 4367 4811 6513 6969 1637
29 6056 2711 687 3260 3306 8701 8293 964 36 8904 8013 9110 8821 5219 157 9588 1840 8425 7079 2665 2361 9048 9377 4999 7154 427 368 7806 5208
29 2758 8039 5503 8919 1560 1025 4495 7467 4205 7390 2230 7672 8691 2977 1401 984 2219 7129 2246 5778 2688 9132 6771 4038 4961 240 287 6680 6413
29 3183 8267 6610 7331 9073 3412 4076 6036 7981 6296 3813 4374 2825 8332 9207 8882 5648 7881 1720 2997 3736 9313 4121 7228 6325 480 5960 8443 7272
29 9822 7760 3361 61 8872 4156 7406 771 8251 468 833 3286 140 3543 1914 7075 3213 7591 2700 6469 4333 6805 4912 4326 3943 5276 4793 3918 3748
29 2139 5645 5245 2916 4 2144 1282 1340 743 219 5059 7387 3416 7308 4918 9290 1876 8414 4860 9846 2543 5364 9374 4908 7125 6495 9767 5042 6301
29 8725 4107 1437 6231 5566 1907 7572 7872 3195 1610 7815 881 2780 986 1498 2006 2631 461 1523 5103 1026 4744 1912 7734 3214 8987 1270 3472 6835
29 2446 8698 6600 3312 7323 571 7408 3297 6919 204 1849 7706 3721 8686 1838 7044 1571 3805 7023 4991 28 8676 7055 2072 2257 497 8317 7568 3634
29 389 5030 3533 108 3126 6005 4278 4015 177 9870 5603 8943 6456 6951 4723 8926 6991 1403 7064 5853 4206 4563 7465 4733 1812 41 4548 3059 8909
29 8172 957 6879 5134 3410 4227 3537 883 1411 1370 3144 1166 1960 1952 1905 1068 2226 4406 3473 6020 7211 1979 4613 7354 181 860 1891 6142 1363
29 3060 5703 7235 276 5855 684 9302 6686 4465 2001 5749 4443 8824 6429 1249 4414 5076 8133 6678 1582 6349 5544 3165 2991 3239 127 7801 5877 8618
29 3883 6956 3911 5942 1398 3380 1677 7347 8517 6572 5659 7000 2705 710 3944 3674 1536 4893 2026 5920 2172 8557 1331 5599 1287 2779 5859 4963 9154
29 3190 750 1468 747 7890 7383 1373 9456 1127 111 4292 3548 8844 3685 4813 700 903 2425 3728 9401 2787 8430 3578 9881 3614 8061 3404 869 5666
29 4172 8579 6245 8356 9416 8584 4903 8679 2322 7105 392 7753 6510 8390 5820 5373 6726 2327 4389 6777 9578 3413 1506 7048 7119 3041 1550 224 7917
29 6933 1660 9868 4099 6748 7485 2138 6244 5439 5425 5297 4223 3454 6010 1968 2300 7159 6512 2029 463 8704 2102 2117 8818 1279 3663 2123 2561 6405
29 2223 3860 5846 3316 2350 2352 740 1917 2194 4370 3078 7039 5768 3094 382 6321 449 299 1265 9294 5563 1663 8326 7376 1815 6305 6755 4235 4678
29 5260 9960 6729 6864 3735 8910 9329 1342 4724 1219 8511 4564 3975 8278 6375 7102 14 9587 9706 5431 6373 2159 6465 6103 9713 9535 5928 2879 531
29 3117 1833 4060 2693 6374 593 4627 402 5053 2843 1423 5420 3290 6809 5994 3495 3641 650 1710 4439 944 6391 8962 3706 8043 2308 4058 3422 3143
29 691 4830 7793 5031 4415 979 3881 6112 3745 6584 3637 9127 9116 3011 3028 6904 8529 8336 4202 9693 4508 4859 543 8576 344 6972 6161 9544 9700
29 2849 2563 7395 6928 2479 6211 9825 6128 1657 1532 1852 3603 2923 3923 2171 8578 635 1632 3754 7070 748 7913 5932 5232 8554 47 2273 2957 7162
29 6096 8085 3128 4769 3417 4084 3703 3079 141 4588 2509 7345 7443 6811 9002 5443 1391 756 6336 761 7874 1072 8427 113 3661 7930 7729 4708 9770
29 6781 1377 4766 1014 8083 9115 7022 365 9848 3086 5514 2052 5803 2790 1774 5842 9119 414 2319 6682 7547 3980 7445 1546 8219 1428 8986 6561 4300
29 5604 4759 1196 6416 422 5896 8368 8454 5302 5071 5530 3507 2044 2463 4829 669 8975 3552 8429 1884 5094 1617 4209 2778 1449 4682 7008 2810 2994
29 6130 7545 5149 5472 7084 3680 4096 2762 2728 1555 1749 868 322 9458 1308 2251 2466 4946 1366 7582 3140 3862 4463 441 634 1634 2143 3530 470
29 6812 8372 1734 9685 9702 4629 1076 6437 6978 5821 3362 1557 8861 1701 6836 9344 2462 8333 2754 6685 9137 8923 3022 3424 2095 2329 7966 8819 9932
29 333 5233 1348 4091 3612 5436 7149 679 8581 3304 2909 6287 7596 7001 5379 3684 2108 5287 8643 6314 8612 5145 6774 2285 4798 7166 2915 9330 7502
29 5634 377 3119 1037 9636 4018 6618 2242 1306 5843 7610 3194 527 5600 1452 998 5790 1341 3615 148 8735 4772 2162 814 6201 1263 3349 3159 3517
29 8854 6227 8543 3519 5109 721 3242 5138 7317 1120 7875 3191 1436 1102 4862 5577 1383 7365 7040 8817 562 2240 5649 6053 1518 9347 8928 2901 6065
29 8980 1387 8177 2205 3396 7147 7016 5446 2541 9220 3262 3431 5282 2014 2114 5540 1616 8702 9928 3372 7226 2210 9680 1874 892 453 7837 6598 4915
29 9581 1204 8523 26 2614 2036 970 3326 6470 8728 5055 2050 8611 3695 1853 8597 1057 2379 2453 1748 154 3523 4848 1869 8749 8077 7631 8879 7652
29 1711 4581 4543 7120 6407 5086 3443 5596 4185 7038 1668 1395 2148 3771 1482 4177 8200 1351 5038 3690 5979 2764 6986 3163 9576 1820 4674 283 5823
29 9145 8299 4754 8566 6284 2401 1095 5170 8292 1519 8602 4440 8939 7549 5135 7033 4955 3359 5246 9429 1065 9086 9503 7520 2691 5398 3645 764 7364
29 7833 9814 548 6402 8273 294 8594 1898 3427 5975 5035 8047 8145 133 3609 2237 6492 5825 2684 6035 8930 6536 8451 2454 7711 205 8236 3334 5453
29 3425 4574 9366 5537 273 6421 8500 572 74 1193 5314 560 5661 9135 3061 713 1173 2047 8495 4441 1332 7736 9061 9572 3588 3734 1916 7533 5723
29 9832 2156 188 5462 4966 2358 9242 3644 5274 5838 7847 6651 1919 5817 2759 1664 494 3960 801 4686 3749 269 1372 8084 9962 3796 5774 4965 85
29 5455 2198 2793 7752 676 5705 5901 7054 7592 1007 4489 9029 8801 189 522 8780 1927 3109 5060 2208 8021 8275 4624 1978 2976 940 2291 3829 7887
29 7320 804 9037 6970 3518 1239 5693 7441 8518 6740 2055 7906 529 3981 844 7271 6106 3068 4572 6691 4253 7954 9539 1479 2248 3173 4461 7422 1648
29 9351 2830 7787 3921 3811 4248 8281 9272 2161 9339 1011 5279 334 5848 9763 1866 112 255 7879 5034 5866 5328 9789 2751 6577 5685 3161 946 2288
29 1785 8246 3534 9797 7976 6348 5499 8365 5253 5183 1233 9908 5137 6665 539 7171 3409 716 7628 5061 4211 8881 6917 8192 44 2834 9383 2668 7492
29 3660 2146 2785 487 2145 4391 5052 3151 6436 431 6069 7082 5852 7150 2683 9252 8498 834 9162 9946 9102 1514 5785 2953 7332 4346 8743 2386 9212
29 2772 1143 9257 6250 1505 1575 2359 4621 8036 4483 8325 1548 3127 8775 866 3389 9011 2411 3371 6589 827 5576 6489 9686 6366 7677 637 7608 6511
29 2440 2996 5492 7648 4529 8439 5522 1322 5176 4289 3313 6252 8899 2589 3646 9673 407 9471 307 5616 8301 765 9036 4039 5864 6573 5375 9995 7690
29 6340 2163 5771 6168 1250 8714 2106 3854 6793 8723 9562 4687 8455 4749 5606 6743 3639 583 3880 5444 7170 7113 8127 4150 6408 5586 2789 4767 1154
29 9141 1599 1365 9755 2965 5868 682 1222 7316 4577 6263 9979 5828 2354 4943 169 2889 9596 8156 1400 201 7311 9623 3559 8845 6041 3970 1738 3818
29 493 2766 2332 5815 3582 4250 4093 7379 6312 5235 2931 3606 2699 7388 8675 234 9409 5755 355 2580 9271 7250 5319 3426 9353 6052 7861 2016 9784
29 5588 482 4390 6463 3524 5251 7087 9571 8235 358 9690 9689 1319 6486 1494 7184 418 9262 2118 549 4233 4816 4449 1878 7730 9041 6442 6390 3952
29 1408 5801 4259 6003 6973 1985 8711 4377 3429 4432 2513 4168 9007 1544 1170 2185 4240 4118 1743 4987 5745 2621 3627 7602 262 6377 2371 3913 1921
29 2098 6257 5756 2512 9806 309 4302 3528 2470 6277 5222 2474 1320 1261 6208 1894 8764 1 7428 4670 3809 9682 4403 5101 4459 9894 1540 1551 2518
29 4904 3198 7397 5237 6910 1659 1639 4394 1485 7703 1189 6707 2389 7740 1507 8362 5643 7829 6417 179 8212 1041 5792 4850 4337 172 6435 5930 4916
29 7851 7794 2874 477 3953 5416 343 8532 8000 2175 1694 1799 4100 6143 9800 8942 4538 4493 8921 807 4225 5995 1497 149 7121 7090 6776 7270 8636
29 2600 8184 8654 2482 432 9907 3847 2748 7748 5277 3794 8008 5347 8345 4448 2225 6924 5573 6939 6555 7446 7182 6281 1686 3015 3779 1255 7399 7417
29 7080 1415 3833 4802 2430 375 9540 9622 8793 6675 5366 3146 3174 1483 1892 3525 4125 2663 7225 19 1357 2471 5019 3081 6717 2828 6883 1946 2980
29 3592 8607 5941 4458 8699 6912 7361 185 4874 4263 6185 6590 4667 4583 4371 3896 1567 6962 646 9237 2277 160 8922 5091 2214 2105 6821 6663 4644
29 4115 5147 9913 7929 9175 5020 8178 5218 9059 9885 6800 7811 5395 6701 1458 3853 2714 1763 4498 8496 1234 8748 4426 8770 8533 3760 8374 1653 2894
29 7643 7132 3878 4937 7109 678 1674 2774 8377 9733 8652 1329 1085 6601 3054 6439 3047 1346 9929 2192 2733 7092 7658 3438 566 5593 2807 9724 8799
29 8544 1752 8125 7638 2135 5860 7870 9485 5911 4388 7942 4019 6378 6192 1885 8355 5627 887 2988 6604 7255 7145 4176 6782 8197 7156 1607 341 7577
29 4967 3240 7569 1036 6275 4165 4183 8328 9324 5502 168 1168 1034 909 9256 4139 4750 1013 8827 4649 6468 3307 699 3841 3909 4437 8070 2809 4171
29 2586 2381 8927 2 9817 1515 1055 3486 793 8974 8224 3055 2276 3449 4551 5956 6170 9553 5043 347 9234 8357 9602 6631 2844 3355 6271 1665 8694
29 9861 8502 2241 1983 8261 9937 1138 9235 9619 4055 9921 2040 8659 4601 4226 3344 8996 1654 1625 967 7786 9479 351 2896 3930 5215 2031 845 1635
29 7245 7205 5889 7458 2048 1795 147 4969 8389 1427 59 9857 5281 1056 2617 3437 4700 7273 3162 7241 7571 5141 8853 4255 6222 9320 8978 7978 6051
29 3516 7642 9584 479 3844 3283 6816 6057 6562 3683 5238 4882 4696 1870 947 5270 9507 4557 4787 9897 6131 4024 8905 6 4571 5747 5712 518 5517
29 7136 9446 9820 1139 1024 2768 2295 6902 926 5700 8258 6672 8448 3464 2560 6837 9323 3113 100 6140 7627 7827 3977 857 6833 3607 5317 3857 4331
29 4114 8896 281 9522 7985 8549 8257 9439 8848 3785 8055 6183 564 5306 1146 4148 2708 6628 923 6788 7535 1381 1447 809 2422 8244 3030 4685 3810
29 6613 7855 7448 8503 5612 9980 9229 5742 3905 4110 9420 1754 7838 4511 6006 3211 9276 5884 7003 3550 2366 7469 5558 9523 1800 6012 5372 8167 7207
29 6885 4980 328 8118 9129 2137 6049 6522 7163 9308 4833 6862 5689 412 4199 5943 2593 2975 6083 7956 8340 6116 3712 1877 1626 3274 4643 265 5738
29 1808 7229 9460 1205 4607 3716 6727 1998 8349 974 878 8562 5352 4919 5972 9421 8242 5614 6058 3916 9341 5715 8633 5665 2533 6637 9358 9109 6172
29 3249 3827 8934 9699 4926 3347 6731 4566 3192 8211 4062 7863 4612 6174 5220 6462 8599 9624 6759 847 6095 3358 9608 2065 6916 3906 1323 9296 2149
29 295 2091 9200 4870 4455 4718 5796 7915 4880 7580 4684 8284 1405 8371 3983 6365 9630 1195 5733 1043 7749 6109 2160 2177 5386 5285 3589 3285 4659
29 42 5673 5324 8586 1325 215 8957 1245 3465 2689 4898 7108 8721 1147 3942 5095 2821 5493 3261 8403 2035 8136 8789 6569 7604 4619 8744 9873 2388
29 7418 7006 3681 144 1422 1715 132 7896 2680 7671 9835 9412 7370 4423 8650 7853 7750 9046 7635 9801 1284 7017 821 7306 6745 5787 2895 7153 6202
29 306 3756 9336 598 1049 5313 5166 5157 1802 4900 594 7195 8536 6024 5075 361 1977 9717 1656 1084 4939 7451 3699 6040 4196 31 120 2804 6632
29 3042 862 9695 3385 7151 8697 35 1784 4145 2919 2068 9089 9249 4382 7702 2741 5531 4645 500 4405 3935 5172 614 3352 5936 4532 8574 362 8385
29 3153 9246 5195 1860 8540 1016 1093 6752 3882 1132 7473 9983 1935 3730 9959 5695 3576 4596 7141 3466 7814 8229 9945 4741 7281 12 4257 9410 2436
29 9475 9764 4122 7219 1152 3122 3091 1151 420 2132 7484 7068 7877 6941 9902 8095 1272 6877 6695 438 3597 3689 3577 2197 5391 8165 5432 9782 6787
29 7277 5325 8678 5377 7867 9625 971 662 5084 7745 8330 8191 3839 9792 1135 5356 775 6050 3007 5179 2081 5339 4296 9342 9759 7968 3719 6865 2254
29 9392 3288 4568 6258 2860 5066 5706 7866 2289 4031 1683 6648 6085 8639 2666 3137 8999 2447 5841 3394 1696 6825 5316 6317 517 9030 5374 8180 4576
29 45 1030 7015 7636 4400 7667 7719 134 9240 2947 3336 1889 7941 430 1771 4258 6078 303 9480 7710 3969 7140 9167 4510 5795 5548 9573 6952 9138
29 156 625 182 3149 7650 7249 1300 4487 383 1304 3330 3058 9466 6137 6772 4230 1886 1156 7510 7634 5620 4849 4036 983 1947 796 8640 2956 7796
29 2995 688 4757 3560 1597 7723 8417 93 9186 3865 4204 1723 907 3893 2800 6220 2130 5631 8271 3732 9639 9744 4485 3752 8247 3457 9580 6587 5211
29 3187 5383 457 7335 9120 4175 2057 3871 6547 6515 7036 4101 4906 7118 8601 6048 7836 3085 7027 8525 6019 6290 4409 6887 7923 8895 9444 4037 3708
29 3216 4634 1768 2459 5910 5102 7327 7751 4589 4527 9375 3298 9628 8446 5504 8223 4656 3602 5980 8161 5283 1843 9193 2360 7616 6358 6496 655 7234
29 4052 4671 9104 3618 3295 6123 792 4116 4758 5900 7614 4383 4147 6735 5581 2324 8534 6315 4056 1850 5623 2356 3947 2383 3649 6667 2380 8715 9478
29 4935 7186 552 9891 7442 304 6710 2745 5748 4306 3608 6224 3134 4546 6873 7053 4970 5688 6792 4301 2073 1699 8763 5158 4666 9023 9971 8265 973
29 8598 9360 2554 5675 1197 7144 2258 9406 5105 230 8215 9654 5834 5367 2981 5519 6977 2181 8259 97 1476 8209 2729 1108 4877 9244 5970 6061 5921
29 681 816 2442 9459 5263 6876 899 5424 1836 925 5781 384 1920 3812 8761 1535 5642 9551 8984 2490 6372 3200 7498 2115 8708 2385 7371 4605 722
29 4189 3210 3258 3903 5207 4933 5201 4472 1253 3784 5547 6191 6948 9464 5152 66 1511 3193 5655 1101 5626 8382 6355 2294 8994 2088 6371 2936 2338
29 102 1568 9942 3679 3331 9629 5912 1440 1882 9737 391 2986 3314 6182 8901 9666 6714 5154 524 1379 3787 5250 2784 6335 2264 5032 2059 7718 694
29 6428 7566 9591 9930 1059 1264 393 6359 4117 3254 718 7939 5428 7860 838 5299 7898 7353 759 1116 7945 8102 2374 3948 8343 7223 7764 5851 4188
29 7849 94 9635 4327 4560 8884 2468 9395 9044 4641 3742 1045 6213 8509 965 7069 4129 4103 6853 1970 1569 6477 9569 948 8736 9613 8585 6898 9418
29 5835 7047 5973 9732 1608 8250 6622 9898 4341 597 6531 7400 2520 8185 8140 1416 514 1611 9266 3445 1008 3593 5085 8112 6784 9064 2400 5007 6614
29 5482 3832 1330 5669 1053 2236 473 250 3037 5293 2373 8159 7007 5782 8109 6998 2798 4704 9626 6571 5858 3691 7501 5017 2478 2572 8270 8307 582
29 9106 4260 2330 8120 4249 4286 8924 4358 9781 7835 4822 7531 9906 2724 2546 6611 8276 8847 6958 3666 7971 3053 1183 7583 6709 9045 7852 9860 5193
29 8044 3452 7031 429 906 4005 4730 8897 8154 5568 5597 7423 4658 2811 3220 1598 6861 8480 9017 3337 2816 9402 1086 7972 2498 2501 8353 2267 6906
29 7138 7179 4994 8625 6445 919 2346 2771 4545 3320 332 7334 1695 6471 3941 9430 6204 354 8367 6043 1090 7862 5155 9022 5527 3311 6404 5284 3399
29 6570 1573 8434 40 2141 9708 9494 8572 9954 8289 1837 4021 8337 1091 5072 982 4623 6724 3852 8208 945 1859 9514 4721 2211 4580 8290 8631 2507
29 4467 9038 330 350 780 158 9504 3619 1725 2989 1256 1825 5766 2235 8329 2527 379 398 6120 342 6934 6158 2284 5009 4381 5430 3468 9431 3116
29 9413 1942 5984 9304 7986 3266 3667 5010 9990 2538 4140 9704 6367 9414 1963 2872 7514 5464 9922 9944 9663 1162 5217 4993 2938 3601 8037 3870 4347
29 3491 8653 6461 1590 7543 5945 8634 5784 22 290 7336 7771 9179 6829 2204 5775 9297 3884 4924 1733 4203 3864 8388 754 7705 4695 1727 2952 6014
29 6430 8948 1956 2715 7295 9761 2018 4356 8005 3212 8358 9862 2720 1929 5800 318 7626 4738 7133 7095 1343 4968 8772 374 4138 4762 5736 126 7456
29 9168 7382 1040 1148 1124 605 1203 5759 3544 6567 8917 6354 1698 9736 305 2060 8972 1645 9726 2827 2831 1362 2856 5629 5985 9828 2467 503 4964
29 6229 2698 6265 6655 6102 9719 8381 5303 1064 8238 21 686 5497 6114 2704 6453 999 5899 7285 7398 6034 4283 3994 7074 4411 65 5698 9404 3082
29 9159 7781 8710 7698 9095 8418 4323 3625 1730 8588 4201 7935 1244 9389 831 2015 3650 3231 8291 9807 3189 8342 9364 1337 8803 6008 1672 4419 6207
29 2870 90 1285 7894 434 7436 5619 3040 6186 1883 5601 353 7429 9160 1145 4373 9560 9653 3737 1075 151 366 11 8685 7521 3451 6633 5204 2084
29 3873 1492 6200 2012 9836 3275 4307 2334 9415 465 3364 4720 567 7532 57 7757 7737 613 7433 5099 7669 1274 6241 6141 4984 7804 578 3080 7010
29 4065 1824 4170 7552 2253 2701 5368 3103 4385 7661 1986 3407 9300 2984 337 6540 633 7585 3222 9512 9926 8998 9101 1930 3938 8880 1678 2134 1289
29 3636 6982 5209 5127 4710 8072 6500 3651 8812 4500 8668 5309 9372 6878 4128 1457 1047 3293 8563 8703 5788 3561 6501 5521 6356 4384 8784 1212 3232
29 2584 9688 7115 6871 2578 5949 6566 8620 4190 5704 9976 4127 3435 7712 6741 1783 2312 5252 1955 4806 3843 7657 8622 7717 8146 8682 6722 5991 969
29 4182 2847 5334 5247 5826 4587 3949 3281 5862 3532 6989 4988 1371 8020 6228 5652 3837 6725 490 5602 401 317 2566 7601 8110 7741 8062 9643 4901
29 577 2517 2890 2858 1558 1217 2429 2908 5878 5523 1643 8815 4428 3251 6591 95 8497 6400 4475 763 6608 7263 8104 9221 8241 5526 3474 8932 4131
29 2717 3720 1339 2599 1421 238 5682 6286 3341 6630 9067 7824 5290 3778 3441 9232 4838 1224 7943 9516 2958 423 7073 7595 7508 4735 9094 5227 5255
29 9371 9692 5934 3005 3150 3411 489 7393 3780 4785 5793 6927 9222 3317 2882 9196 9513 6649 2625 3976 7 2377 5381 2376 4615 8750 9388 1315 3767
29 3831 1359 5475 7922 9612 9096 2710 939 4575 3069 7409 8296 3356 7005 3446 7556 6802 5810 9345 9614 9519 6370 2905 4705 2862 8830 2985 6133 1445
29 4891 1595 1712 8717 4050 2339 1996 6309 9084 9153 7472 8222 3147 8384 2845 7615 9040 7217 2420 8869 5722 8521 5776 8363 4936 4981 7470 8470 6090
29 4768 7606 3701 3324 291 8766 6519 1904 2983 1971 1516 4290 2495 6721 7557 1439 3567 5957 599 6247 1945 6903 8716 4108 9934 5471 4353 3188 2103
29 1566 8383 8227 5997 1080 7180 4948 6446 5406 8483 7257 1402 7990 7884 7114 8908 8087 302 1903 9644 7599 242 783 4681 251 378 1327 2296 3595
29 8078 9445 8399 6155 8613 2394 8865 5850 8914 576 4856 2122 7056 4180 7130 2287 3499 7813 8233 9532 6297 5449 1297 2405 1305 3197 953 6279 7326
29 9191 6543 2152 3099 9899 4628 8727 9183 9660 2071 7816 9332 8231 198 5716 5971 8370 588 1624 4513 7819 9649 876 7505 8637 6988 7174 8887 6588
29 1717 474 528 5881 2239 7430 3783 760 9338 7097 2078 2808 5441 6908 3801 369 7546 324 4842 5335 1984 3294 316 1995 652 8658 7997 9838 6148
29 7653 773 7439 4239 9384 6767 2439 996 9457 6084 9035 301 8855 7612 8489 4280 7673 3046 1565 6949 5165 6080 2987 5408 9112 4224 2814 6806 6091
29 4611 3171 416 5129 9382 443 2391 9795 9853 1317 8894 1630 6763 9694 2615 367 2216 985 1684 7826 4216 723 6583 6260 3859 8776 2670 7165 519
29 3922 5326 4765 2169 9621 9462 930 5587 252 5100 7761 1002 5830 5073 7491 9616 3927 7292 8107 8 3933 1455 6858 5337 7807 990 788 7655 9604
29 8858 2765 9361 3698 7742 2126 2840 209 9851 619 2097 9780 2416 7809 5230 96 6146 8034 8304 4846 8600 8738 5873 5359 2311 6303 5845 6732 1766
29 9888 8394 8903 3781 5333 7715 6779 3556 530 2176 6357 822 116 2675 8378 4421 193 5399 2022 348 6514 3725 5140 7523 20 4274 5621 8683 7649
29 5254 3209 3972 9352 4622 6844 6826 2531 1098 5355 6856 4591 9309 3010 3889 2949 4232 1073 8016 9005 6605 5753 8965 8802 1981 3120 6320 4635 63
29 8141 8669 6595 3987 653 4636 4514 2232 8322 8123 9842 5550 2262 4074 8338 6380 1050 7808 1058 8098 8064 9225 3257 1685 8695 5650 1027 9163 647
29 8786 6488 554 3044 9397 9322 2920 174 6944 110 2735 3392 6882 7025 914 9424 3535 9981 7208 6193 8809 8719 2824 7052 717 8731 1638 9607 9346
29 586 5130 3630 9933 5244 8663 8933 9943 3724 5976 7037 1867 3834 5840 7146 4883 3418 9776 1190 1901 2180 9331 50 9886 5261 9423 4940 8964 9577
29 7576 7297 2069 1862 2767 7957 2154 5506 3100 4864 3379 9247 8956 9845 4779 3657 6384 9405 8444 1164 1775 1019 880 2250 79 4380 4422 5562 9895
29 8424 1831 1842 2228 3620 3757 5683 80 4194 1307 5578 7009 9651 4294 3175 4488 8614 3253 9867 5047 6458 8359 4362 1374 7770 1486 9731 4771 6491
29 7883 280 256 2876 3 785 8006 3170 2064 2061 8131 9993 4835 6298 4598 2508 9734 1789 5463 46 8570 9472 2553 7342 4688 4895 5216 7747 4329
29 8220 8121 8492 3914 4386 5797 1131 3858 5887 3388 5904 3273 1303 7682 6414 4839 2245 8321 3621 5288 3564 9210 8852 1716 5275 7731 3008 1690 6479
29 1574 4501 8170 8875 60 1257 5022 9753 4017 9178 1688 7267 4379 3321 1856 9668 183 4836 7357 9432 9319 885 9657 5819 2203 3583 371 8816 6575
29 3590 436 8143 8052 3907 9777 2298 117 689 7455 569 2325 4547 8094 9060 1054 3799 595 8113 3751 6641 3739 9063 6499 3354 4841 6094 1954 2451
29 2265 3782 8971 874 9190 4408 6551 2450 1354 1020 8391 7188 8665 7288 7276 8732 1613 6494 4911 3600 4154 770 5180 1375 730 4600 8771 5681 5107
29 3511 2607 910 7384 8053 8575 9909 8873 7111 1083 886 1908 865 7509 6156 9681 1828 3184 5986 279 1432 6852 1311 5515 6920 677 2349 6546 9600
29 8946 4349 1807 1976 9454 4192 1854 4387 4799 9270 8499 872 6115 6129 1504 6545 2224 2087 7732 9521 6165 622 7967 2427 4271 8195 5257 6942 8311
29 719 8961 4088 5632 6790 9590 6411 975 4193 135 9760 2120 3456 6684 7692 9283 6306 4321 2723 3485 9357 6089 5765 7618 8002 617 5591 5470 592
29 4466 9213 7402 7060 4186 4001 3114 9892 7405 6872 991 300 510 7792 8341 1114 2290 5422 3031 657 867 8508 7252 9978 2627 3668 4512 7315 6422
29 9180 4494 9202 8778 1554 6520 9467 2337 9808 4736 2028 5963 1044 4713 4157 4676 2484 1781 1471 829 2932 2934 1328 4593 3014 7856 2925 3808 960
29 1999 3104 656 5153 9123 4181 2375 6817 4348 7330 7243 8505 2685 7321 1662 7172 7622 2070 8537 1729 1157 4537 6899 1538 5196 3057 9161 3444 2423
29 9014 6770 1805 7969 8234 4355 4858 6205 1767 5012 8617 1460 115 7242 9796 9876 7630 8155 3244 2898 6107 4755 3154 6797 77 4913 7123 5240 1199
29 2209 1539 3772 1051 229 706 1412 4550 425 7024 8067 54 403 6063 9177 3897 4800 884 7350 9965 2628 3726 1731 6293 5536 575 3279 2528 4361
29 1579 4662 8740 6493 6237 5360 8176 150 8441 7765 4124 4028 4376 2743 1552 6134 3740 5331 3248 913 1722 4810 2865 5538 7463 8893 2075 6055 6627
29 3016 9740 3899 3919 3954 5726 236 7227 3770 8040 7536 2153 3284 6915 7099 8990 9209 226 4763 5923 1384 1155 1318 4366 6818 4947 7926 6179 5885
29 5832 1925 8977 4650 6410 2166 8746 6652 4004 6097 6609 3515 2408 4343 3894 4477 5590 5651 3822 7366 9493 29 3483 3848 2866 390 8402 1367 7414
29 7426 5388 2000 3598 3367 7980 6658 6295 7660 6795 7950 8294 6581 9118 557 7681 1918 762 1806 246 1078 1208 898 88 3988 6311 7934 3529 7264
29 6507 5837 5555 1410 8193 6657 5351 8577 4025 5763 203 3553 92 2404 512 4902 9066 17 1286 2449 8664 708 9433 6769 6490 5256 5789 8479 4087
29 3709 3179 8166 5112 6563 2873 1689 4089 5401 5403 7305 9502 8604 877 9923 9325 2432 6387 7961 3428 6071 9369 2597 6248 7788 5678 282 4875 3227
29 5014 2713 3656 2399 8530 3851 8754 3513 8840 3176 7503 9664 9216 6337 7035 8688 9893 1033 424 9171 6118 757 5305 1454 547 7726 7424 4594 7527
29 820 5535 3460 4909 2930 6242 704 6369 6473 8603 6138 1206 1933 1744 639 6438 9169 4648 1246 1394 2880 5735 5184 6076 7396 3207 2481 4097 2107
28 4078 6557 8415 8003 1465 3610 8410 9078 4630 5045 1226 9703 1948 2682 9996 2278 8401 4191 6967 6270 9843 2438 1031 8542 8846 3092 1184 6843
28 1826 4922 8870 9042 9076 5144 1198 8488 720 9883 6225 6997 8591 3199 4633 1382 7155 6760 9779 3566 2455 4173 7987 4222 581 9774 4516 5473
28 327 9718 9756 6117 2353 7721 2301 2410 1777 1242 2629 7355 5913 7104 3063 3672 9387 8900 705 3012 668 9449 4267 5660 6002 2737 1473 5988
28 3766 3704 9568 16 1429 2775 8320 674 4044 3340 3791 2647 2998 1467 1094 7013 3814 6124 7684 4899 3093 8474 7139 37 6828 6673 2850 3570
28 78 1130 8026 6092 7579 1923 2609 6994 8641 6276 5906 7928 2316 3974 2424 5758 4496 4085 4372 4159 5203 2190 6560 5702 5110 4561 2099 9827
28 6950 9157 5197 3476 5456 4393 3225 6393 5312 734 6210 8189 7237 6508 8135 4424 6180 1240 3433 7325 6700 3538 8169 442 9208 9080 8589 4111
28 4141 3632 5528 7244 9967 9258 2642 8673 3711 3481 8628 997 8605 603 6338 6362 2697 6326 5799 5697 329 3526 7490 8955 3547 1967 936 2565
28 3123 3076 9441 7982 1776 504 1547 9936 9267 3648 2260 9728 2066 3065 5947 2581 4693 3596 244 1230 4198 7594 312 8788 2731 1385 3366 5410
28 6975 7639 68 7864 9751 9721 5348 2536 2917 4559 2725 9964 7340 7663 2342 8713 6953 6946 2164 2696 8729 5814 9950 3045 5813 852 9152 1791
28 654 4805 5213 7724 1600 4739 8970 0 6559 5028 4857 6460 5411 1847 9024 7779 618 9998 6827 8795 6067 3087 349 9291 1404 9113 8187 8898
28 4974 2351 4773 667 9273 171 7910 7840 2477 8477 1349 636 2852 6272 7953 9823 6376 2792 8973 1649 5321 1107 7197 9074 8935 8305 5489 3555
28 9925 3181 2365 130 2535 5654 5857 2136 2142 7401 3228 3817 609 680 7363 758 3869 2299 5931 7550 1463 3673 186 5764 1396 6074 9829 5561
28 7674 8545 3937 3694 5598 4677 590 8478 4444 2511 3110 5404 5905 2944 1667 214 4149 2806 1480 1180 3617 206 6239 2638 1266 7214 1875 8096
28 4523 6897 7871 3201 1737 768 8375 7296 9491 7374 9970 7645 2878 4603 1461 6166 9683 5419 2131 7098 2222 6733 2392 4959 6415 6798 8298 4063
28 3387 8339 5653 6509 7367 4817 6007 6389 2403 4158 1419 4375 1128 3502 6483 1819 2043 4865 6195 4429 4007 6342 9450 7868 9285 396 7965 7555
28 2417 8183 4807 9632 7575 3292 1750 6361 2525 3487 9771 5169 9370 3807 9552 2125 8867 5003 8199 3788 2605 4075 3498 692 7192 624 6332 7908
28 7584 8730 4507 7191 3707 5783 6221 3203 5301 6329 8760 6552 5332 2576 3271 7385 2727 180 6527 3077 4220 9259 4265 2328 8712 9586 9866 6656
28 5777 2086 3579 4896 1178 8937 2622 6409 5496 2722 7727 545 3795 777 4776 254 4033 4541 7447 6064 1324 3591 8739 8174 7411 2904 9018 4418
28 1641 1125 7695 2472 7116 8966 941 3587 3018 8206 5413 2948 8035 8038 5426 3102 2692 8023 370 742 9834 1982 459 3351 7544 166 3062 2007
28 1048 159 5069 3659 7528 5051 9955 1258 7142 8025 8318 642 4179 4986 559 7763 8667 507 7495 8692 4626 7818 2025 5342 9805 2848 3218 7996
28 9189 7539 1531 6032 8063 1681 675 8264 7931 8912 360 2656 3635 8963 7882 8283 9140 5628 6964 8856 8181 9550 4012 485 8018 6068 7004 6135
28 3353 4949 2954 7253 3696 1293 4313 5177 841 6708 3546 6582 3121 6176 8762 4072 3971 9426 4742 272 4245 2575 2545 9557 3940 1015 1211 3554
28 6423 7175 5206 1822 5151 2912 9121 311 5159 1118 1104 2502 6178 3390 5067 4340 8139 5098 6863 4770 725 6066 6909 9924 8117 8416 5002 9882
28 1813 6152 446 8745 3405 9963 3033 3830 6750 1676 7091 933 4430 4218 7058 4080 5394 7181 9530 4972 7497 9610 2079 9953 3196 7951 6524 5836
28 3423 9443 8952 8890 2186 7773 6634 3439 739 2552 8147 7213 6025 1406 5727 1713 5541 8587 7093 9566 8059 9603 607 3141 5882 3979 7839 6625
28 2038 8472 9075 4217 421 7621 8834 2238 4938 8593 4064 5480 1934 9279 8254 274 5037 9070 5927 6132 6913 142 942 8535 1119 103 1150 1235
28 602 9248 49 3322 8204 9874 1521 8022 87 2009 7209 8857 5890 1352 5767 4845 2110 4010 5708 5362 7057 9722 372 8606 1958 5491 5513 2587
28 6808 8364 5903 5115 5968 4082 9803 7489 200 9442 9720 8976 228 406 6418 7126 2292 4453 326 5194 727 3861 2336 5677 7970 5849 1739 1397
28 175 1512 6640 3951 6351 9241 9356 2313 8541 8493 4782 1182 4295 5993 7586 6451 5880 7823 7832 1940 6880 542 5341 3219 2718 8916 1697 2623
28 7995 3025 7251 3855 4715 1430 8798 4395 685 400 5350 1292 1126 1829 2970 611 4438 6712 608 260 4709 2317 5981 2964 8100 5734 4268 511
28 701 4397 1556 8949 7416 9097 8756 8718 1603 9203 7522 2826 5611 5664 2671 4335 645 5692 7964 7959 136 146 2437 6838 4228 4954 7903 8351
28 4764 2864 5136 69 2906 8046 5188 4273 4003 7304 8573 39 6018 6060 895 8610 5487 2174 4187 3967 155 9399 6579 714 2709 8060 1136 3021
28 3875 7337 8850 1520 9268 1969 703 1368 3185 9126 3743 1709 4410 805 4851 5268 4843 1973 9144 454 3793 5824 1500 1714 509 8596 6960 6647
28 1572 994 3051 2469 3442 9549 8012 9762 6300 2183 4665 1023 3124 1761 7233 1122 101 5989 4451 5111 410 4971 8632 8777 9788 5729 6626 1773
28 3440 9662 5966 7449 4476 6255 4221 7880 9149 8150 995 6999 2033 9501 4637 5827 5187 9671 9896 176 3115 9013 5589 2063 1474 5918 4354 2157
28 9601 596 4951 659 5400 3733 6105 7768 7916 9317 4130 644 4992 1661 8148 2283 1673 6288 9701 3761 7420 5025 7101 197 5459 1022 9645 7471
28 9282 7511 5564 8624 2343 1604 8569 5875 7869 4363 1435 2178 9228 8007 153 5646 4051 4035 8054 5087 7548 1202 9819 8747 3936 4872 5050 6480
28 4119 1312 6765 1772 9033 6125 7239 9380 8687 1792 5509 8413 2080 8142 2010 6629 3574 247 4133 9230 1755 9379 823 7524 486 8953 4586 2719
28 934 4474 7475 5553 9754 289 4703 4478 8876 9274 1092 7525 7459 339 3026 4112 2695 1450 7168 1757 6401 4427 8179 4105 7518 2907 7921 9192
28 746 4447 3575 1100 2323 1283 7375 8920 6163 2955 4243 9952 7404 143 9299 6841 830 3325 4653 8086 1478 8411 9948 4608 616 3653 4832 9354
28 7782 2550 2813 3350 779 5542 8201 7675 1549 6847 4431 5701 4825 1621 3747 815 5040 1640 2402 5641 921 4620 8838 6907 5725 8792 9786 98
28 1965 5336 7380 4279 4200 4104 1487 9975 6553 51 715 8907 832 9844 9091 5565 8960 3790 4595 495 6122 8163 6593 3687 7542 1288 1928 2406
28 2851 4796 6754 4535 6177 3118 3804 5396 7202 871 2867 8967 71 1642 3477 4756 8707 7231 6734 8822 8030 5710 8308 5996 6059 9927 7772 9768
28 9111 9498 1746 4006 7232 3186 9961 2331 9327 6824 5592 584 3798 3806 1142 4146 5958 7143 9597 3029 1987 1687 8647 9032 7746 574 8774 4014
28 2805 3492 7496 5516 3291 6322 8050 7278 6550 4396 4460 5124 9739 3759 5006 1221 7912 8313 7314 672 8091 4242 8160 1790 2819 9164 2969 2783
28 526 8128 5886 8464 4976 6481 4795 2744 902 6015 3280 2643 2606 7623 3461 4109 1537 7570 8947 5754 4932 2579 1669 818 5549 8582 6189 7886
28 6042 8468 8073 2940 9150 4983 9989 7369 3777 2320 4032 2255 3686 4090 9935 7307 2564 2886 6054 2871 4022 1529 3447 5560 2537 9422 2532 6173
28 5046 1846 227 4957 5999 7728 1592 9107 2562 5133 7407 6976 781 6291 8560 5978 5539 7210 8198 7403 707 6592 6702 3998 9900 1010 8092 2582
28 13 5097 1704 7516 6073 6868 3917 4809 3715 1248 2030 8755 8666 8334 6502 3458 2740 1950 9611 1273 2486 1153 4336 6431 7386 2345 1991 6088
28 8551 9887 6888 1275 3139 3755 606 9648 1759 1259 1526 1589 2842 6406 2464 5409 2972 5389 2941 853 4073 8065 5709 8203 8081 8484 2556 4364
28 152 3496 7173 9408 627 6016 4486 9939 9451 4542 5311 6773 7949 8015 6670 3470 5199 6965 1619 7067 8405 284 9004 3112 1509 1446 6947 447
28 9155 27 2649 2971 4123 6822 8564 3420 7755 3989 70 7983 5869 1223 7859 2326 4106 2910 3718 9009 6923 6467 7461 1951 7164 9474 950 277
28 9049 8504 4238 8733 9627 7679 7691 4734 1028 1039 6033 1444 4092 6484 1530 6968 9999 4752 9641 5630 6662 2476 3542 3098 7413 4197 6157 5044
28 962 3235 8134 6363 5585 9489 2782 9533 1810 7664 6820 2116 1489 8066 585 3677 3895 325 2344 6381 1605 9605 5624 2491 9642 2881 1533 3071
28 5062 8207 6857 1614 3050 8108 7412 6215 7693 2457 83 5083 3488 4045 1451 3616 6518 9647 483 9396 579 3070 8302 8555 4973 587 7850 1185
28 8097 6668 4944 5751 5148 6753 1542 4692 1895 6472 9917 8832 3360 1046 1358 5737 7221 2492 2271 9088 433 3221 4155 1347 9517 2716 4556 8805
28 3155 2297 9747 1809 5181 6966 466 8463 2179 6606 2763 6238 5198 1879 6450 8031 2364 536 8230 9199 1077 3990 5300 6534 1227 9765 8619 6537
28 1587 5944 1113 6474 8936 397 6703 9583 5168 2595 7284 7282 237 8842 5346 1496 6807 6249 8300 1335 1949 8408 3374 1580 6506 7553 2594 2661
28 6424 9589 6959 2305 3764 8266 9407 435 7483 6344 9910 5699 3819 9824 210 8860 5447 9487 9730 5164 1438 9468 5380 9766 6327 2544 9650 202
28 1386 626 8027 2244 6283 4867 6299 4950 6535 7670 9545 3490 6368 9 3723 9122 2445 5236 7262 3475 6081 6679 3586 6086 7100 1601 6542 977
28 1753 1191 7694 5387 663 2992 91 6212 8642 7462 532 1988 8989 9010 4368 7124 1169 2113 3539 8825 4234 8531 752 3510 6136 5926 8151 1099
28 4322 3169 8017 1835 1890 1441 9055 3558 2207 6256 9281 6454 5974 4098 1719 6282 4492 1581 5572 7780 6126 137 6602 640 2093 3148 3305 6017
28 5057 9727 1067 3064 9520 1588 7061 1932 6162 363 9500 8437 7312 3269 6433 8129 7081 5393 7127 8662 6031 1827 6541 4320 1762 7089 9968 8753
28 4071 9136 9743 2003 1267 6280 3479 2574 356 2280 3925 3631 9618 4602 8124 2193 52 8116 1291 8457 6831 8428 10 8527 2505 3652 4502 7947
28 8315 2090 1021 6889 3177 9027 216 6747 266 7651 8369 5292 7072 2657 2939 6075 7676 6045 9749 4778 1513 5518 9335 7644 9143 1615 7362 7187
28 1769 8440 4503 2384 2815 9678 8913 9133 2233 5879 8213 4515 9655 3393 7831 9598 6403 5816 9511 7646 7444 1018 7799 4369 1543 4680 9100 212
28 558 6980 5077 3867 6516 7865 6341 4642 9994 1693 4178 7766 5417 782 475 3370 4525 2227 3776 6333 2347 9305 8433 6077 8782 2911 1313 4871
28 2182 9031 5721 1675 4195 1787 6616 2021 7993 6268 972 8813 2465 1188 1726 9050 5239 8804 9676 5267 5414 7562 5234 3727 415 3168 561 711
28 6669 9538 6151 2736 5005 949 7065 2687 2039 7812 6171 6954 394 7290 2220 8373 6302 1780 631 9269 9938 1501 9301 7683 1765 1071 4714 1778
28 8099 4066 3471 9224 2841 4314 4069 107 4079 4520 3277 8347 2900 9455 2348 4113 7206 6110 5750 864 797 9146 18 8823 6921 2008 824 4690
28 7828 3505 6294 8885 1390 3238 7299 5457 2961 1671 9526 2412 5162 8925 3152 8190 8028 1584 772 9711 8785 4729 9813 6022 1393 9687 4962 6121
28 138 1038 1491 9039 2747 15 2838 2738 2937 1301 2547 2857 5259 2500 8630 9570 4570 5640 5468 2742 3966 3572 195 4884 7280 2067 1559 7260
28 6603 4303 5865 5696 2051 2801 4722 9880 5969 4638 3797 9821 8538 8814 5191 3287 5484 5212 3263 2127 6070 8079 6661 455 7617 1464 6269 3436
28 2993 2202 450 5895 8820 4053 2868 3299 2846 9818 2590 9051 916 2632 533 6226 8210 4847 7333 7506 3509 8888 3224 3369 7791 2959 2431 4712
28 660 3247 336 7744 3702 6485 43 7541 7046 1089 5175 9092 5847 5427 245 9312 9427 2899 2726 8767 8361 1570 7512 894 5805 9904 5021 2217
28 2452 3482 4751 8130 9515 2221 3300 1433 8680 4095 7131 4582 6612 1721 1636 3978 2111 440 9920 776 9333 5872 7897 3493 9705 321 8548 7775
28 9215 275 9492 3682 4910 1236 5435 3520 9554 1692 5440 2913 4402 1418 6398 6539 9525 3125 8671 2515 9541 7665 1857 1786 2510 7261 836 537
28 6392 5467 2855 1700 3992 1913 8093 1299 980 4929 1622 1069 3241 673 9707 5746 7236 7425 2602 6285 7565 1953 5225 8672 7152 9987 4866 9556
28 9988 286 810 9219 9484 6794 2096 1735 8458 1545 4504 2887 55 5761 3096 6644 8773 6689 4604 4464 6645 1782 2612 3111 516 491 696 5392
28 3256 2496 1186 6756 9772 4639 8958 7960 1839 7955 5192 258 5200 7043 8871 958 9674 5272 2592 5676 4675 3626 7480 737 1333 3421 6737 7907
28 5919 1035 5908 8841 6815 6292 2918 9461 194 6860 4941 310 8435 6457 2369 7515 6768 1231 6775 3217 6144 8951 1443 3729 9679 5092 2829 9802
28 7822 811 8080 4717 1758 5307 6676 8423 6328 6690 8677 7873 9311 863 6696 8295 2341 3327 2112 4330 959 8635 6981 2812 8979 2041 4540 9481
28 7937 23 4660 9128 8471 7286 2673 8001 8469 7876 5951 8552 5579 3568 2540 4934 6079 8041 4618 8312 3658 1658 9508 9124 5711 9991 3202 4625
28 9435 5557 7611 9019 9640 2101 6427 499 2281 6037 5036 2935 2017 6945 5732 802 2419 2660 4399 6894 4029 293 3995 4287 6533 6184 5178 3006
28 4960 7704 7014 5310 1210 2218 456 1302 437 9260 1899 9871 9158 9185 8348 9292 6396 2229 4861 7051 5743 5922 3688 3800 7991 3289 8583 1990
28 1577 405 8969 2769 404 9773 1414 2794 3654 4272 452 6145 5118 7973 7493 9757 2653 4706 2460 6525 6834 5437 9905 4490 6660 3308 8945 2494
28 7609 5939 5476 7481 82 5318 851 4251 4889 4652 753 76 1262 861 8796 981 56 9534 4086 6987 1902 5221 1005 4631 2567 2616 1345 5273
28 6638 3665 7011 5461 5226 795 3019 2409 4247 5407 3863 6814 2092 4161 1137 1488 955 5340 8056 6558 9775 2363 5657 4664 7106 8272 5029 2155
28 1817 1425 7183 9559 879 515 5125 6419 3802 1980 6918 359 6206 3585 1453 733 9419 6343 1591 1296 9265 2875 5120 889 621 9748 3633 9837
28 3236 8835 498 5349 5658 3267 5079 2433 8398 7709 9173 7076 2314 1314 5718 3067 6617 2488 9016 4663 1200 6840 6273 5946 6867 2189 3956 5644
28 9714 9826 6992 6234 4126 2024 1865 6274 261 6412 5304 3434 239 5808 3108 5378 4740 4070 3569 6346 7434 1989 9198 856 426 3226 4897 7899
28 445 6671 915 170 5520 6766 5167 2674 5757 3908 4728 3955 1097 6044 1706 4815 6884 1336 6900 4711 129 9176 7857 9082 1316 6028 3901 7063
28 7633 3628 9951 1756 2395 8421 319 5163 943 893 8260 2946 4985 2973 8787 6698 3890 3824 7783 3000 5762 8157 8929 9069 749 8959 7885 5674
28 7148 839 1924 2140 5940 791 3272 1194 4640 5490 4945 3982 7989 2413 4351 7212 7803 2333 7632 9386 5961 8456 7486 9034 8409 8225 7322 8696
28 7324 4246 8592 4824 3323 73 3573 4524 2542 2646 7776 1880 1459 9367 2739 3662 6621 6039 8868 1844 8806 8344 695 5294 6360 7789 8539 3876
28 3145 5613 3027 9804 2752 4304 9665 7338 1609 6233 4497 8350 8661 9448 7167 3250 5248 285 8379 3738 8069 9486 3910 8032 6704 1655 870 6730
28 6197 9243 8286 8547 5574 2677 3541 4745 3158 7135 9812 4869 5894 9261 4276 4727 4059 2321 4359 7372 7904 4462 9661 1254 6181 7900 3868 4789
28 2672 9288 8565 1442 6869 5210 8494 9310 7680 3508 546 8734 8352 2645 2982 6432 9469 9567 6232 8705 5143 7204 9903 3527 9134 7246 3826 1596
28 8849 2795 6778 850 5258 589 4673 380 9949 4691 9368 4914 8752 3700 7844 2475 4555 7189 9758 6549 4528 7169 8188 3459 1939 3328 7474 7774
28 4804 4236 854 896 9428 6379 2129 5376 3500 323 2011 8144 5024 4748 9326 9830 7834 241 2362 122 9275 5452 1900 4008 2054 5054 5635 8114
28 207 352 6890 2252 1380 5990 7605 1174 8274 5142 5412 5998 6719 6253 8621 4819 6334 1578 2639 7640 1534 2421 1633 7289 6932 2357 6217 3048
28 1141 8590 4808 3932 9816 8651 1243 9172 8528 6711 7925 9677 9250 2967 7431 4207 5741 481 6839 3792 7193 4484 8706 4416 192 7435 3957 4821
28 5465 8983 5740 4480 5182 5 6643 3489 5570 8689 8089 5291 9833 3382 1353 938 4509 4609 2045 3915 4041 9972 8243 3237 9148 9398 4775 5320
28 993 6319 2524 460 7625 220 1593 4134 8004 7784 5964 1585 2859 5450 7012 2187 5295 3432 9875 3395 6259 9859 5039 8520 8068 8918 9188 1993
28 4616 3775 128 2963 462 7974 3001 1888 3156 472 8253 2382 709 2817 4120 4434 9295 538 8331 3282 1251 4569 932 2926 7810 6762 119 1793
28 2636 3551 7329 7230 6113 738 2608 1944 4562 9634 161 6813 6646 2903 3514 8051 6104 3885 2259 488 4920 6101 7619 9878 7738 5161 1106 7540
28 8995 4433 5917 8829 2013 7176 630 800 9289 4958 9815 67 3095 8255 1171 86 4522 4534 72 9125 7254 267 8323 9065 5569 8024 5481 3504
28 7914 1271 4481 3746 3009 53 6267 9182 5861 9254 8153 5791 8722 8137 5786 8168 3928 2690 4357 3789 5264 8075 7977 3208 1937 2902 4791 7460
28 9340 8406 6046 3462 6556 8954 8111 4452 8042 4792 4774 5249 3246 6026 7088 388 8029 2929 7373 104 3924 8126 1974 3842 196 9003 6235 6596
28 9742 476 9470 4917 9790 9915 164 9362 6236 4241 1861 7059 9280 729 751 3400 4610 4654 3638 7507 7198 1232 9348 7551 2170 501 6842 3375
28 8407 4392 7529 9286 2914 3836 5863 8553 4325 4997 9593 123 4132 7077 1392 9794 904 6487 9085 3999 458 520 2883 4042 4479 467 2493 2791
28 601 7487 9131 2042 338 4252 1804 7356 6230 2654 6705 2370 5063 5330 4761 9197 1117 1623 4016 8380 4102 7567 1841 9170 2094 6823 9349 1177
28 4077 9447 89 4311 2085 1276 690 7561 1477 3774 3494 7377 1650 7588 1409 7778 335 2307 4826 8524 890 2669 5575 978 9001 6397 1522 9969
28 9872 3929 2005 9592 8237 167 3205 8646 848 7450 6914 1389 9303 1103 7725 1887 1088 8119 9473 8580 4308 6455 6139 7647 2275 4352 2781 2630
28 1109 7030 6819 8049 1220 3318 2770 3182 9425 5687 9482 6674 5080 2428 8422 7200 9659 1502 5636 1510 7137 5992 4319 6324 3717 448 3769 496
28 666 6683 8781 4442 9139 4567 7800 8911 5343 9093 8245 4316 4215 5909 4669 5982 7500 5672 9518 9026 7920 2074 7754 7453 3710 4518 4881 1627
28 3877 6154 1816 968 2168 6464 1344 3934 5769 7062 2522 1915 2877 9411 1063 5479 1376 7410 7479 5871 1355 506 4505 2046 6169 2999 2786 4747
28 1938 7720 34 8438 4697 2519 33 5390 7468 1082 9090 5770 2833 4617 278 5546 7437 7975 268 5891 7530 6801 632 4450 6447 4590 5915 7534
28 8090 6785 7309 3278 8751 6554 5637 5639 9314 9889 6893 5811 9490 6996 4277 8175 3043 9528 3773 5625 3624 3309 8902 1237 8516 9723 8132 9204
28 3815 2583 271 9385 4716 2279 5323 3647 1121 1269 1309 4344 5438 8864 7199 492 8226 8866 6505 7825 364 3613 8940 5615 9476 24 4956 4978
28 5370 766 9236 6936 2966 408 4137 106 5802 3565 1724 2188 2818 7696 6742 2757 5081 1732 1563 3900 3032 7452 5445 6339 573 9916 6240 8194
28 2378 6062 3383 8324 3623 8681 4975 4454 1897 8655 7071 6693 331 58 2837 9617 1225 2133 9901 4668 7269 897 1811 9020 6013 9071 6564 9982
28 4852 7708 7421 9606 3671 1740 3090 9350 5090 3835 4281 741 7846 4578 6426 6594 9103 3419 8608 4269 9062 6517 2796 4927 3993 8891 7593 9343
28 8546 8152 1779 3950 1855 6262 7538 3243 1620 9548 3986 2897 6352 4743 6706 2034 211 9709 9316 4725 4536 7905 8836 6011 253 5280 5365 1868
28 5354 8568 8851 3172 4144 2167 7349 4048 7078 5384 4293 5442 9434 5122 1413 6119 5013 4162 7573 7797 7085 3823 2340 8515 7858 9463 2456 1651
28 3265 8205 1751 7026 6677 5229 9394 2489 2601 2558 1647 911 1490 4925 5202 9852 6758 812 508 9142 9114 298 661 787 731 2306 8240 9558
28 5955 6001 9940 5128 9974 9391 8239 3604 4521 6385 4990 5818 5108 3132 5477 6786 2485 5495 9337 6870 162 9879 2483 4531 4820 5543 7537 8392
28 9328 7216 4996 8833 3744 813 4597 2158 1797 7268 199 6434 6728 2165 1830 2979 7932 3594 3245 5929 9638 217 5286 9667 4995 8228 3381 1864
28 8644 846 5511 9884 8074 3049 8609 5556 4457 7743 5096 3563 5874 3377 7924 2256 5242 8269 1803 165 9684 2089 2978 2962 6929 4698 6498 7341
28 1472 1691 7689 2396 5423 7607 1238 2950 3912 7190 7328 7958 428 8886 3786 8982 4470 4404 4023 8397 3874 9318 6751 4746 6503 4683 3106 9255
28 4049 7918 7358 2526 7790 4309 7201 1012 3234 7415 8862 1163 8512 6749 4213 5505 7733 2839 976 4863 9245 4342 1112 2667 5344 2516 5551 7049
28 3562 6597 2836 9966 9752 5867 7891 2797 9798 4334 2891 8892 3622 7258 6175 2888 6353 912 6789 2458 469 6420 5719 2261 638 3962 5897 2678
28 4473 9850 5529 3264 8445 9165 8790 484 8262 1680 7032 5488 8248 5015 9877 7909 222 2173 7283 7504 2773 8014 2109 3946 4702 2268 8768 7820
28 3611 5041 8513 9785 1123 8462 7464 1541 4174 6666 2943 6098 7247 2761 2549 7196 386 5131 875 3342 5888 7389 8556 5812 8559 2487 6650 2504
28 8724 5008 544 7351 2147 6746 8791 4672 987 313 2062 4136 7701 2534 9547 7888 8217 744 6736 9000 1475 8287 8742 4584 8660 4699 9841 5033
28 9284 5241 6093 1926 5117 6985 9238 6738 7045 5189 7767 5694 1144 4160 9359 7558 1848 8396 8997 5338 3497 8202 7128 4407 641 556 6974 9527
28 3363 8447 6623 5483 5713 8526 513 8741 1602 4647 2100 7432 4599 1873 7310 4614 8758 4305 9783 6023 1528 2503 828 1470 9542 4237 8514 7348
28 570 4878 8400 6961 5829 7381 3348 6971 8993 2083 1708 2020 954 5839 7893 9400 7438 6526 6528 4606 9298 3133 2694 6688 1798 3522 5717 9510
28 671 7343 4169 9052 6000 5610 7526 1525 4831 1207 3892 8335 2121 231 3753 7378 7994 755 3142 1992 2461 3676 7998 6713 1361 9452 2620 3531
28 9321 1062 9227 6030 8162 8992 308 2266 5510 8944 5064 798 9043 2056 9390 5924 4244 1910 8839 7821 5089 2588 1061 1834 6654 8501 5361 5269
28 4661 553 736 2037 952 1612 1009 6744 1326 5121 4921 4266 5854 1936 48 1606 5806 9174 3414 7685 7302 3469 6619 2885 9563 8487 7697 4977
28 4760 2803 4067 9984 4834 2569 8442 8256 9531 5382 2924 8931 1972 2082 3963 6530 263 5186 2598 6383 3230 712 9977 1728 9947 7938 3872 7722
28 8057 3856 9506 9130 1644 7203 8285 3480 9006 525 4544 5000 3705 6757 9931 1456 2231 6938 6127 9028 728 1646 6911 9025 1975 8011 1350 7559
28 8346 612 1066 3866 6922 555 3669 6764 4885 8309 8889 2610 1176 989 3401 4814 64 9156 4786 3052 4558 6723 7360 3450 5937 3816 5953 7215
28 5500 523 2557 7020 1241 208 8968 5296 565 2243 1493 4892 6082 5265 920 5662 649 5554 7624 8452 5004 2443 9620 1594 8981 7029 4707 5065
28 5262 1896 3302 2195 931 4788 9223 2247 2303 620 3825 7554 855 7962 8490 3961 8319 4261 4719 6896 3206 7339 6209 9865 9912 4890 4256 9799
28 8709 9992 3501 6459 4152 908 5925 2499 2318 6364 3402 5289 7589 3034 2151 5026 2309 7848 8674 7940 5656 4324 9201 5582 5466 4552 9403 7756
28 5552 4989 7979 6925 3455 221 7513 4315 5822 5070 5533 1172 858 9672 3180 9810 297 5357 7762 9746 7293 9849 8045 5402 6308 1369 6810 6164
28 4753 534 702 2304 3164 7668 9864 6979 9231 7419 2760 3453 1796 125 5804 3073 8519 1941 4894 4731 6642 1481 8985 6832 2749 3697 6955 124
28 9594 1424 5938 540 5460 5671 5228 6615 2274 9376 4732 4565 924 580 5752 8759 6940 5773 8459 3178 1388 6254 7666 4360 6532 9505 7194 8314
28 6791 6687 8797 7699 3391 9147 4298 8828 5278 8466 3484 4689 6386 918 7265 7795 8720 4299 9083 6219 315 1110 4790 9524 8164 3138 1484 819
28 6845 4338 2418 961 3557 7158 3741 5223 5146 3398 3506 9057 3879 7298 1517 9214 9021 478 535 3397 6243 5088 735 235 9710 7843 6830 8009
28 7662 9117 3640 6983 2212 3332 320 5315 9436 5119 5983 5106 3303 2551 604 8288 2945 1213 5977 9226 7686 8449 1718 2559 2703 7817 4345 9914
28 5524 6347 2777 2573 2633 4030 6990 888 2624 5508 8623 2184 3849 2730 4471 3886 2568 7103 7963 4208 9715 4000 6799 218 9579 4827 7294 8395
28 4469 3991 1140 9811 7519 7842 5580 901 9658 790 6586 6310 2390 7112 4312 2315 381 8684 992 8656 9373 6694 1527 7713 4291 5780 3580 4539
28 5160 1247 6664 2755 873 7952 1004 2027 550 3545 3315 292 1280 1294 5104 3343 3204 8491 4837 4142 1814 7892 3838 8058 2514 5609 4135 5690
28 7427 8366 5345 5116 1448 1994 9599 9986 3887 8122 9087 4873 7157 3003 99 6111 4164 4812 1823 5469 5892 3002 8393 2721 8218 9293 8412 6441
28 9194 6720 8297 2570 6313 4887 956 2613 8874 6715 2928 8769 6993 4288 4855 4378 5567 3088 2662 1159 2002 9205 8690 2927 4412 2441 2530 5987
28 395 7222 5898 9378 3845 5714 7028 9495 5369 3229 1228 778 8826 7739 4167 7564 3013 5498 4499 4854 2196 6636 2434 7457 6783 3664 3038 8670
28 6021 1893 3339 4436 7177 1794 9546 243 8627 1431 6318 4212 8938 1029 9712 5731 5174 444 2473 4876 346 5358 5571 8810 843 3345 2634 1508
28 2652 6425 6935 1499 357 5478 385 5512 3130 6697 1158 4284 1962 8149 6692 6930 5056 8082 4853 6529 5902 5190 9637 2626 2712 3758 825 4184
28 9211 9417 6635 1964 6504 5525 3997 7927 1081 1872 648 9218 2577 8436 264 6350 3319 1931 3255 7160 9574 2655 7220 1957 5809 769 9697 7936
28 9054 3765 2604 817 6718 6304 7878 3984 6331 5474 1215 2548 799 9008 4365 3939 803 5385 4879 9656 1703 6316 6289 8306 4517 7319 7654 7134
28 3384 726 563 1417 5308 5744 2644 3430 8783 373 521 4823 600 7346 7656 4737 8837 7476 3714 4285 786 7902 4468 8779 9863 3083 2968 7641
28 8595 7096 191 4219 4009 7185 7359 8249 3167 4163 7122 6449 9365 2893 6147 3301 1161 8420 6307 4781 5607 3521 808 2618 3959 3840 4526 3642
28 1187 6796 8481 7279 3898 1165 1160 2853 4229 4726 7802 4456 2019 5962 2032 1469 7999 3408 2596 2023 9840 9306 7287 9277 6153 1079 1851 9941
